{"error":{"code":"MODULE_NOT_FOUND"},"level":"error","message":"uncaughtException: Cannot find module '../config/_config'\nError: Cannot find module '../config/_config'\n    at Function.Module._resolveFilename (module.js:536:15)\n    at Function.Module._load (module.js:466:25)\n    at Module.require (module.js:579:17)\n    at require (internal/module.js:11:18)\n    at Object.<anonymous> (C:\\Users\\User\\Desktop\\Streakr\\server\\lib\\app.ts:8:1)\n    at Module._compile (module.js:635:30)\n    at Module.m._compile (C:\\Users\\User\\Desktop\\Streakr\\server\\node_modules\\ts-node\\src\\index.ts:439:23)\n    at Module._extensions..js (module.js:646:10)\n    at Object.require.extensions.(anonymous function) [as .ts] (C:\\Users\\User\\Desktop\\Streakr\\server\\node_modules\\ts-node\\src\\index.ts:442:12)\n    at Module.load (module.js:554:32)\n    at tryModuleLoad (module.js:497:12)\n    at Function.Module._load (module.js:489:3)\n    at Module.require (module.js:579:17)\n    at require (internal/module.js:11:18)\n    at Object.<anonymous> (C:\\Users\\User\\Desktop\\Streakr\\server\\lib\\server.ts:1:1)\n    at Module._compile (module.js:635:30)","stack":"Error: Cannot find module '../config/_config'\n    at Function.Module._resolveFilename (module.js:536:15)\n    at Function.Module._load (module.js:466:25)\n    at Module.require (module.js:579:17)\n    at require (internal/module.js:11:18)\n    at Object.<anonymous> (C:\\Users\\User\\Desktop\\Streakr\\server\\lib\\app.ts:8:1)\n    at Module._compile (module.js:635:30)\n    at Module.m._compile (C:\\Users\\User\\Desktop\\Streakr\\server\\node_modules\\ts-node\\src\\index.ts:439:23)\n    at Module._extensions..js (module.js:646:10)\n    at Object.require.extensions.(anonymous function) [as .ts] (C:\\Users\\User\\Desktop\\Streakr\\server\\node_modules\\ts-node\\src\\index.ts:442:12)\n    at Module.load (module.js:554:32)\n    at tryModuleLoad (module.js:497:12)\n    at Function.Module._load (module.js:489:3)\n    at Module.require (module.js:579:17)\n    at require (internal/module.js:11:18)\n    at Object.<anonymous> (C:\\Users\\User\\Desktop\\Streakr\\server\\lib\\server.ts:1:1)\n    at Module._compile (module.js:635:30)","exception":true,"date":"Fri Oct 26 2018 07:30:35 GMT+0100 (GMT Summer Time)","process":{"pid":3064,"uid":null,"gid":null,"cwd":"C:\\Users\\User\\Desktop\\Streakr\\server","execPath":"C:\\Program Files\\nodejs\\node.exe","version":"v8.9.1","argv":["node","C:\\Users\\User\\Desktop\\Streakr\\server\\lib\\server.ts"],"memoryUsage":{"rss":105988096,"heapTotal":103661568,"heapUsed":72371144,"external":18129665}},"os":{"loadavg":[0,0,0],"uptime":1346282.4003632},"trace":[{"column":15,"file":"module.js","function":"Module._resolveFilename","line":536,"method":"_resolveFilename","native":false},{"column":25,"file":"module.js","function":"Module._load","line":466,"method":"_load","native":false},{"column":17,"file":"module.js","function":"Module.require","line":579,"method":"require","native":false},{"column":18,"file":"internal/module.js","function":"require","line":11,"method":null,"native":false},{"column":1,"file":"C:\\Users\\User\\Desktop\\Streakr\\server\\lib\\app.ts","function":null,"line":8,"method":null,"native":false},{"column":30,"file":"module.js","function":"Module._compile","line":635,"method":"_compile","native":false},{"column":23,"file":"C:\\Users\\User\\Desktop\\Streakr\\server\\node_modules\\ts-node\\src\\index.ts","function":"Module.m._compile","line":439,"method":"_compile","native":false},{"column":10,"file":"module.js","function":"Module._extensions..js","line":646,"method":".js","native":false},{"column":12,"file":"C:\\Users\\User\\Desktop\\Streakr\\server\\node_modules\\ts-node\\src\\index.ts","function":"Object.require.extensions.(anonymous function) [as .ts]","line":442,"method":"ts]","native":false},{"column":32,"file":"module.js","function":"Module.load","line":554,"method":"load","native":false},{"column":12,"file":"module.js","function":"tryModuleLoad","line":497,"method":null,"native":false},{"column":3,"file":"module.js","function":"Module._load","line":489,"method":"_load","native":false},{"column":17,"file":"module.js","function":"Module.require","line":579,"method":"require","native":false},{"column":18,"file":"internal/module.js","function":"require","line":11,"method":null,"native":false},{"column":1,"file":"C:\\Users\\User\\Desktop\\Streakr\\server\\lib\\server.ts","function":null,"line":1,"method":null,"native":false},{"column":30,"file":"module.js","function":"Module._compile","line":635,"method":"_compile","native":false}]}
{"error":{"diagnosticText":"lib/routes/user.ts(8,54): error TS2339: Property 'getQueryParams' does not exist on type 'typeof UserRouter'.\r\n","diagnosticCodes":[2339]},"level":"error","message":"uncaughtException: ⨯ Unable to compile TypeScript:\nlib/routes/user.ts(8,54): error TS2339: Property 'getQueryParams' does not exist on type 'typeof UserRouter'.\r\n\nTSError: ⨯ Unable to compile TypeScript:\nlib/routes/user.ts(8,54): error TS2339: Property 'getQueryParams' does not exist on type 'typeof UserRouter'.\r\n\n    at createTSError (C:\\Users\\User\\Desktop\\Streakr\\server\\node_modules\\ts-node\\src\\index.ts:261:12)\n    at getOutput (C:\\Users\\User\\Desktop\\Streakr\\server\\node_modules\\ts-node\\src\\index.ts:367:40)\n    at Object.compile (C:\\Users\\User\\Desktop\\Streakr\\server\\node_modules\\ts-node\\src\\index.ts:558:11)\n    at Module.m._compile (C:\\Users\\User\\Desktop\\Streakr\\server\\node_modules\\ts-node\\src\\index.ts:439:43)\n    at Module._extensions..js (module.js:646:10)\n    at Object.require.extensions.(anonymous function) [as .ts] (C:\\Users\\User\\Desktop\\Streakr\\server\\node_modules\\ts-node\\src\\index.ts:442:12)\n    at Module.load (module.js:554:32)\n    at tryModuleLoad (module.js:497:12)\n    at Function.Module._load (module.js:489:3)\n    at Module.require (module.js:579:17)\n    at require (internal/module.js:11:18)\n    at Object.<anonymous> (C:\\Users\\User\\Desktop\\Streakr\\server\\lib\\route.ts:3:1)\n    at Module._compile (module.js:635:30)\n    at Module.m._compile (C:\\Users\\User\\Desktop\\Streakr\\server\\node_modules\\ts-node\\src\\index.ts:439:23)\n    at Module._extensions..js (module.js:646:10)\n    at Object.require.extensions.(anonymous function) [as .ts] (C:\\Users\\User\\Desktop\\Streakr\\server\\node_modules\\ts-node\\src\\index.ts:442:12)","stack":"TSError: ⨯ Unable to compile TypeScript:\nlib/routes/user.ts(8,54): error TS2339: Property 'getQueryParams' does not exist on type 'typeof UserRouter'.\r\n\n    at createTSError (C:\\Users\\User\\Desktop\\Streakr\\server\\node_modules\\ts-node\\src\\index.ts:261:12)\n    at getOutput (C:\\Users\\User\\Desktop\\Streakr\\server\\node_modules\\ts-node\\src\\index.ts:367:40)\n    at Object.compile (C:\\Users\\User\\Desktop\\Streakr\\server\\node_modules\\ts-node\\src\\index.ts:558:11)\n    at Module.m._compile (C:\\Users\\User\\Desktop\\Streakr\\server\\node_modules\\ts-node\\src\\index.ts:439:43)\n    at Module._extensions..js (module.js:646:10)\n    at Object.require.extensions.(anonymous function) [as .ts] (C:\\Users\\User\\Desktop\\Streakr\\server\\node_modules\\ts-node\\src\\index.ts:442:12)\n    at Module.load (module.js:554:32)\n    at tryModuleLoad (module.js:497:12)\n    at Function.Module._load (module.js:489:3)\n    at Module.require (module.js:579:17)\n    at require (internal/module.js:11:18)\n    at Object.<anonymous> (C:\\Users\\User\\Desktop\\Streakr\\server\\lib\\route.ts:3:1)\n    at Module._compile (module.js:635:30)\n    at Module.m._compile (C:\\Users\\User\\Desktop\\Streakr\\server\\node_modules\\ts-node\\src\\index.ts:439:23)\n    at Module._extensions..js (module.js:646:10)\n    at Object.require.extensions.(anonymous function) [as .ts] (C:\\Users\\User\\Desktop\\Streakr\\server\\node_modules\\ts-node\\src\\index.ts:442:12)","exception":true,"date":"Fri Nov 02 2018 07:12:51 GMT+0000 (GMT Standard Time)","process":{"pid":1052,"uid":null,"gid":null,"cwd":"C:\\Users\\User\\Desktop\\Streakr\\server","execPath":"C:\\Program Files\\nodejs\\node.exe","version":"v8.9.1","argv":["node","C:\\Users\\User\\Desktop\\Streakr\\server\\lib\\server.ts"],"memoryUsage":{"rss":172339200,"heapTotal":153051136,"heapUsed":122123240,"external":17850784}},"os":{"loadavg":[0,0,0],"uptime":416697.1076065},"trace":[{"column":12,"file":"C:\\Users\\User\\Desktop\\Streakr\\server\\node_modules\\ts-node\\src\\index.ts","function":"createTSError","line":261,"method":null,"native":false},{"column":40,"file":"C:\\Users\\User\\Desktop\\Streakr\\server\\node_modules\\ts-node\\src\\index.ts","function":"getOutput","line":367,"method":null,"native":false},{"column":11,"file":"C:\\Users\\User\\Desktop\\Streakr\\server\\node_modules\\ts-node\\src\\index.ts","function":"Object.compile","line":558,"method":"compile","native":false},{"column":43,"file":"C:\\Users\\User\\Desktop\\Streakr\\server\\node_modules\\ts-node\\src\\index.ts","function":"Module.m._compile","line":439,"method":"_compile","native":false},{"column":10,"file":"module.js","function":"Module._extensions..js","line":646,"method":".js","native":false},{"column":12,"file":"C:\\Users\\User\\Desktop\\Streakr\\server\\node_modules\\ts-node\\src\\index.ts","function":"Object.require.extensions.(anonymous function) [as .ts]","line":442,"method":"ts]","native":false},{"column":32,"file":"module.js","function":"Module.load","line":554,"method":"load","native":false},{"column":12,"file":"module.js","function":"tryModuleLoad","line":497,"method":null,"native":false},{"column":3,"file":"module.js","function":"Module._load","line":489,"method":"_load","native":false},{"column":17,"file":"module.js","function":"Module.require","line":579,"method":"require","native":false},{"column":18,"file":"internal/module.js","function":"require","line":11,"method":null,"native":false},{"column":1,"file":"C:\\Users\\User\\Desktop\\Streakr\\server\\lib\\route.ts","function":null,"line":3,"method":null,"native":false},{"column":30,"file":"module.js","function":"Module._compile","line":635,"method":"_compile","native":false},{"column":23,"file":"C:\\Users\\User\\Desktop\\Streakr\\server\\node_modules\\ts-node\\src\\index.ts","function":"Module.m._compile","line":439,"method":"_compile","native":false},{"column":10,"file":"module.js","function":"Module._extensions..js","line":646,"method":".js","native":false},{"column":12,"file":"C:\\Users\\User\\Desktop\\Streakr\\server\\node_modules\\ts-node\\src\\index.ts","function":"Object.require.extensions.(anonymous function) [as .ts]","line":442,"method":"ts]","native":false}]}
{"error":{"diagnosticText":"lib/routes/user.ts(8,13): error TS2459: Type 'void' has no property 'firstName' and no string index signature.\r\nlib/routes/user.ts(8,24): error TS2459: Type 'void' has no property 'lastName' and no string index signature.\r\nlib/routes/user.ts(8,34): error TS2459: Type 'void' has no property 'email' and no string index signature.\r\n","diagnosticCodes":[2459,2459,2459]},"level":"error","message":"uncaughtException: ⨯ Unable to compile TypeScript:\nlib/routes/user.ts(8,13): error TS2459: Type 'void' has no property 'firstName' and no string index signature.\r\nlib/routes/user.ts(8,24): error TS2459: Type 'void' has no property 'lastName' and no string index signature.\r\nlib/routes/user.ts(8,34): error TS2459: Type 'void' has no property 'email' and no string index signature.\r\n\nTSError: ⨯ Unable to compile TypeScript:\nlib/routes/user.ts(8,13): error TS2459: Type 'void' has no property 'firstName' and no string index signature.\r\nlib/routes/user.ts(8,24): error TS2459: Type 'void' has no property 'lastName' and no string index signature.\r\nlib/routes/user.ts(8,34): error TS2459: Type 'void' has no property 'email' and no string index signature.\r\n\n    at createTSError (C:\\Users\\User\\Desktop\\Streakr\\server\\node_modules\\ts-node\\src\\index.ts:261:12)\n    at getOutput (C:\\Users\\User\\Desktop\\Streakr\\server\\node_modules\\ts-node\\src\\index.ts:367:40)\n    at Object.compile (C:\\Users\\User\\Desktop\\Streakr\\server\\node_modules\\ts-node\\src\\index.ts:558:11)\n    at Module.m._compile (C:\\Users\\User\\Desktop\\Streakr\\server\\node_modules\\ts-node\\src\\index.ts:439:43)\n    at Module._extensions..js (module.js:646:10)\n    at Object.require.extensions.(anonymous function) [as .ts] (C:\\Users\\User\\Desktop\\Streakr\\server\\node_modules\\ts-node\\src\\index.ts:442:12)\n    at Module.load (module.js:554:32)\n    at tryModuleLoad (module.js:497:12)\n    at Function.Module._load (module.js:489:3)\n    at Module.require (module.js:579:17)\n    at require (internal/module.js:11:18)\n    at Object.<anonymous> (C:\\Users\\User\\Desktop\\Streakr\\server\\lib\\route.ts:3:1)\n    at Module._compile (module.js:635:30)\n    at Module.m._compile (C:\\Users\\User\\Desktop\\Streakr\\server\\node_modules\\ts-node\\src\\index.ts:439:23)\n    at Module._extensions..js (module.js:646:10)\n    at Object.require.extensions.(anonymous function) [as .ts] (C:\\Users\\User\\Desktop\\Streakr\\server\\node_modules\\ts-node\\src\\index.ts:442:12)","stack":"TSError: ⨯ Unable to compile TypeScript:\nlib/routes/user.ts(8,13): error TS2459: Type 'void' has no property 'firstName' and no string index signature.\r\nlib/routes/user.ts(8,24): error TS2459: Type 'void' has no property 'lastName' and no string index signature.\r\nlib/routes/user.ts(8,34): error TS2459: Type 'void' has no property 'email' and no string index signature.\r\n\n    at createTSError (C:\\Users\\User\\Desktop\\Streakr\\server\\node_modules\\ts-node\\src\\index.ts:261:12)\n    at getOutput (C:\\Users\\User\\Desktop\\Streakr\\server\\node_modules\\ts-node\\src\\index.ts:367:40)\n    at Object.compile (C:\\Users\\User\\Desktop\\Streakr\\server\\node_modules\\ts-node\\src\\index.ts:558:11)\n    at Module.m._compile (C:\\Users\\User\\Desktop\\Streakr\\server\\node_modules\\ts-node\\src\\index.ts:439:43)\n    at Module._extensions..js (module.js:646:10)\n    at Object.require.extensions.(anonymous function) [as .ts] (C:\\Users\\User\\Desktop\\Streakr\\server\\node_modules\\ts-node\\src\\index.ts:442:12)\n    at Module.load (module.js:554:32)\n    at tryModuleLoad (module.js:497:12)\n    at Function.Module._load (module.js:489:3)\n    at Module.require (module.js:579:17)\n    at require (internal/module.js:11:18)\n    at Object.<anonymous> (C:\\Users\\User\\Desktop\\Streakr\\server\\lib\\route.ts:3:1)\n    at Module._compile (module.js:635:30)\n    at Module.m._compile (C:\\Users\\User\\Desktop\\Streakr\\server\\node_modules\\ts-node\\src\\index.ts:439:23)\n    at Module._extensions..js (module.js:646:10)\n    at Object.require.extensions.(anonymous function) [as .ts] (C:\\Users\\User\\Desktop\\Streakr\\server\\node_modules\\ts-node\\src\\index.ts:442:12)","exception":true,"date":"Fri Nov 02 2018 07:13:39 GMT+0000 (GMT Standard Time)","process":{"pid":6108,"uid":null,"gid":null,"cwd":"C:\\Users\\User\\Desktop\\Streakr\\server","execPath":"C:\\Program Files\\nodejs\\node.exe","version":"v8.9.1","argv":["node","C:\\Users\\User\\Desktop\\Streakr\\server\\lib\\server.ts"],"memoryUsage":{"rss":184745984,"heapTotal":164769792,"heapUsed":144558264,"external":17921677}},"os":{"loadavg":[0,0,0],"uptime":416744.6821311},"trace":[{"column":12,"file":"C:\\Users\\User\\Desktop\\Streakr\\server\\node_modules\\ts-node\\src\\index.ts","function":"createTSError","line":261,"method":null,"native":false},{"column":40,"file":"C:\\Users\\User\\Desktop\\Streakr\\server\\node_modules\\ts-node\\src\\index.ts","function":"getOutput","line":367,"method":null,"native":false},{"column":11,"file":"C:\\Users\\User\\Desktop\\Streakr\\server\\node_modules\\ts-node\\src\\index.ts","function":"Object.compile","line":558,"method":"compile","native":false},{"column":43,"file":"C:\\Users\\User\\Desktop\\Streakr\\server\\node_modules\\ts-node\\src\\index.ts","function":"Module.m._compile","line":439,"method":"_compile","native":false},{"column":10,"file":"module.js","function":"Module._extensions..js","line":646,"method":".js","native":false},{"column":12,"file":"C:\\Users\\User\\Desktop\\Streakr\\server\\node_modules\\ts-node\\src\\index.ts","function":"Object.require.extensions.(anonymous function) [as .ts]","line":442,"method":"ts]","native":false},{"column":32,"file":"module.js","function":"Module.load","line":554,"method":"load","native":false},{"column":12,"file":"module.js","function":"tryModuleLoad","line":497,"method":null,"native":false},{"column":3,"file":"module.js","function":"Module._load","line":489,"method":"_load","native":false},{"column":17,"file":"module.js","function":"Module.require","line":579,"method":"require","native":false},{"column":18,"file":"internal/module.js","function":"require","line":11,"method":null,"native":false},{"column":1,"file":"C:\\Users\\User\\Desktop\\Streakr\\server\\lib\\route.ts","function":null,"line":3,"method":null,"native":false},{"column":30,"file":"module.js","function":"Module._compile","line":635,"method":"_compile","native":false},{"column":23,"file":"C:\\Users\\User\\Desktop\\Streakr\\server\\node_modules\\ts-node\\src\\index.ts","function":"Module.m._compile","line":439,"method":"_compile","native":false},{"column":10,"file":"module.js","function":"Module._extensions..js","line":646,"method":".js","native":false},{"column":12,"file":"C:\\Users\\User\\Desktop\\Streakr\\server\\node_modules\\ts-node\\src\\index.ts","function":"Object.require.extensions.(anonymous function) [as .ts]","line":442,"method":"ts]","native":false}]}
{"error":{"diagnosticText":"lib/routes/user.ts(39,5): error TS1109: Expression expected.\r\nlib/routes/user.ts(40,5): error TS1109: Expression expected.\r\nlib/routes/user.ts(40,41): error TS2304: Cannot find name 'defaultUndefinedValue'.\r\n","diagnosticCodes":[1109,1109,2304]},"level":"error","message":"uncaughtException: ⨯ Unable to compile TypeScript:\nlib/routes/user.ts(39,5): error TS1109: Expression expected.\r\nlib/routes/user.ts(40,5): error TS1109: Expression expected.\r\nlib/routes/user.ts(40,41): error TS2304: Cannot find name 'defaultUndefinedValue'.\r\n\nTSError: ⨯ Unable to compile TypeScript:\nlib/routes/user.ts(39,5): error TS1109: Expression expected.\r\nlib/routes/user.ts(40,5): error TS1109: Expression expected.\r\nlib/routes/user.ts(40,41): error TS2304: Cannot find name 'defaultUndefinedValue'.\r\n\n    at createTSError (C:\\Users\\User\\Desktop\\Streakr\\server\\node_modules\\ts-node\\src\\index.ts:261:12)\n    at getOutput (C:\\Users\\User\\Desktop\\Streakr\\server\\node_modules\\ts-node\\src\\index.ts:367:40)\n    at Object.compile (C:\\Users\\User\\Desktop\\Streakr\\server\\node_modules\\ts-node\\src\\index.ts:558:11)\n    at Module.m._compile (C:\\Users\\User\\Desktop\\Streakr\\server\\node_modules\\ts-node\\src\\index.ts:439:43)\n    at Module._extensions..js (module.js:646:10)\n    at Object.require.extensions.(anonymous function) [as .ts] (C:\\Users\\User\\Desktop\\Streakr\\server\\node_modules\\ts-node\\src\\index.ts:442:12)\n    at Module.load (module.js:554:32)\n    at tryModuleLoad (module.js:497:12)\n    at Function.Module._load (module.js:489:3)\n    at Module.require (module.js:579:17)\n    at require (internal/module.js:11:18)\n    at Object.<anonymous> (C:\\Users\\User\\Desktop\\Streakr\\server\\lib\\route.ts:3:1)\n    at Module._compile (module.js:635:30)\n    at Module.m._compile (C:\\Users\\User\\Desktop\\Streakr\\server\\node_modules\\ts-node\\src\\index.ts:439:23)\n    at Module._extensions..js (module.js:646:10)\n    at Object.require.extensions.(anonymous function) [as .ts] (C:\\Users\\User\\Desktop\\Streakr\\server\\node_modules\\ts-node\\src\\index.ts:442:12)","stack":"TSError: ⨯ Unable to compile TypeScript:\nlib/routes/user.ts(39,5): error TS1109: Expression expected.\r\nlib/routes/user.ts(40,5): error TS1109: Expression expected.\r\nlib/routes/user.ts(40,41): error TS2304: Cannot find name 'defaultUndefinedValue'.\r\n\n    at createTSError (C:\\Users\\User\\Desktop\\Streakr\\server\\node_modules\\ts-node\\src\\index.ts:261:12)\n    at getOutput (C:\\Users\\User\\Desktop\\Streakr\\server\\node_modules\\ts-node\\src\\index.ts:367:40)\n    at Object.compile (C:\\Users\\User\\Desktop\\Streakr\\server\\node_modules\\ts-node\\src\\index.ts:558:11)\n    at Module.m._compile (C:\\Users\\User\\Desktop\\Streakr\\server\\node_modules\\ts-node\\src\\index.ts:439:43)\n    at Module._extensions..js (module.js:646:10)\n    at Object.require.extensions.(anonymous function) [as .ts] (C:\\Users\\User\\Desktop\\Streakr\\server\\node_modules\\ts-node\\src\\index.ts:442:12)\n    at Module.load (module.js:554:32)\n    at tryModuleLoad (module.js:497:12)\n    at Function.Module._load (module.js:489:3)\n    at Module.require (module.js:579:17)\n    at require (internal/module.js:11:18)\n    at Object.<anonymous> (C:\\Users\\User\\Desktop\\Streakr\\server\\lib\\route.ts:3:1)\n    at Module._compile (module.js:635:30)\n    at Module.m._compile (C:\\Users\\User\\Desktop\\Streakr\\server\\node_modules\\ts-node\\src\\index.ts:439:23)\n    at Module._extensions..js (module.js:646:10)\n    at Object.require.extensions.(anonymous function) [as .ts] (C:\\Users\\User\\Desktop\\Streakr\\server\\node_modules\\ts-node\\src\\index.ts:442:12)","exception":true,"date":"Fri Nov 02 2018 07:16:18 GMT+0000 (GMT Standard Time)","process":{"pid":3748,"uid":null,"gid":null,"cwd":"C:\\Users\\User\\Desktop\\Streakr\\server","execPath":"C:\\Program Files\\nodejs\\node.exe","version":"v8.9.1","argv":["node","C:\\Users\\User\\Desktop\\Streakr\\server\\lib\\server.ts"],"memoryUsage":{"rss":186687488,"heapTotal":166866944,"heapUsed":143232480,"external":17921677}},"os":{"loadavg":[0,0,0],"uptime":416904.0063609},"trace":[{"column":12,"file":"C:\\Users\\User\\Desktop\\Streakr\\server\\node_modules\\ts-node\\src\\index.ts","function":"createTSError","line":261,"method":null,"native":false},{"column":40,"file":"C:\\Users\\User\\Desktop\\Streakr\\server\\node_modules\\ts-node\\src\\index.ts","function":"getOutput","line":367,"method":null,"native":false},{"column":11,"file":"C:\\Users\\User\\Desktop\\Streakr\\server\\node_modules\\ts-node\\src\\index.ts","function":"Object.compile","line":558,"method":"compile","native":false},{"column":43,"file":"C:\\Users\\User\\Desktop\\Streakr\\server\\node_modules\\ts-node\\src\\index.ts","function":"Module.m._compile","line":439,"method":"_compile","native":false},{"column":10,"file":"module.js","function":"Module._extensions..js","line":646,"method":".js","native":false},{"column":12,"file":"C:\\Users\\User\\Desktop\\Streakr\\server\\node_modules\\ts-node\\src\\index.ts","function":"Object.require.extensions.(anonymous function) [as .ts]","line":442,"method":"ts]","native":false},{"column":32,"file":"module.js","function":"Module.load","line":554,"method":"load","native":false},{"column":12,"file":"module.js","function":"tryModuleLoad","line":497,"method":null,"native":false},{"column":3,"file":"module.js","function":"Module._load","line":489,"method":"_load","native":false},{"column":17,"file":"module.js","function":"Module.require","line":579,"method":"require","native":false},{"column":18,"file":"internal/module.js","function":"require","line":11,"method":null,"native":false},{"column":1,"file":"C:\\Users\\User\\Desktop\\Streakr\\server\\lib\\route.ts","function":null,"line":3,"method":null,"native":false},{"column":30,"file":"module.js","function":"Module._compile","line":635,"method":"_compile","native":false},{"column":23,"file":"C:\\Users\\User\\Desktop\\Streakr\\server\\node_modules\\ts-node\\src\\index.ts","function":"Module.m._compile","line":439,"method":"_compile","native":false},{"column":10,"file":"module.js","function":"Module._extensions..js","line":646,"method":".js","native":false},{"column":12,"file":"C:\\Users\\User\\Desktop\\Streakr\\server\\node_modules\\ts-node\\src\\index.ts","function":"Object.require.extensions.(anonymous function) [as .ts]","line":442,"method":"ts]","native":false}]}
{"error":{"diagnosticText":"lib/routes/user.ts(39,5): error TS1109: Expression expected.\r\nlib/routes/user.ts(40,5): error TS1109: Expression expected.\r\nlib/routes/user.ts(40,41): error TS2304: Cannot find name 'defaultUndefinedValue'.\r\n","diagnosticCodes":[1109,1109,2304]},"level":"error","message":"uncaughtException: ⨯ Unable to compile TypeScript:\nlib/routes/user.ts(39,5): error TS1109: Expression expected.\r\nlib/routes/user.ts(40,5): error TS1109: Expression expected.\r\nlib/routes/user.ts(40,41): error TS2304: Cannot find name 'defaultUndefinedValue'.\r\n\nTSError: ⨯ Unable to compile TypeScript:\nlib/routes/user.ts(39,5): error TS1109: Expression expected.\r\nlib/routes/user.ts(40,5): error TS1109: Expression expected.\r\nlib/routes/user.ts(40,41): error TS2304: Cannot find name 'defaultUndefinedValue'.\r\n\n    at createTSError (C:\\Users\\User\\Desktop\\Streakr\\server\\node_modules\\ts-node\\src\\index.ts:261:12)\n    at getOutput (C:\\Users\\User\\Desktop\\Streakr\\server\\node_modules\\ts-node\\src\\index.ts:367:40)\n    at Object.compile (C:\\Users\\User\\Desktop\\Streakr\\server\\node_modules\\ts-node\\src\\index.ts:558:11)\n    at Module.m._compile (C:\\Users\\User\\Desktop\\Streakr\\server\\node_modules\\ts-node\\src\\index.ts:439:43)\n    at Module._extensions..js (module.js:646:10)\n    at Object.require.extensions.(anonymous function) [as .ts] (C:\\Users\\User\\Desktop\\Streakr\\server\\node_modules\\ts-node\\src\\index.ts:442:12)\n    at Module.load (module.js:554:32)\n    at tryModuleLoad (module.js:497:12)\n    at Function.Module._load (module.js:489:3)\n    at Module.require (module.js:579:17)\n    at require (internal/module.js:11:18)\n    at Object.<anonymous> (C:\\Users\\User\\Desktop\\Streakr\\server\\lib\\route.ts:3:1)\n    at Module._compile (module.js:635:30)\n    at Module.m._compile (C:\\Users\\User\\Desktop\\Streakr\\server\\node_modules\\ts-node\\src\\index.ts:439:23)\n    at Module._extensions..js (module.js:646:10)\n    at Object.require.extensions.(anonymous function) [as .ts] (C:\\Users\\User\\Desktop\\Streakr\\server\\node_modules\\ts-node\\src\\index.ts:442:12)","stack":"TSError: ⨯ Unable to compile TypeScript:\nlib/routes/user.ts(39,5): error TS1109: Expression expected.\r\nlib/routes/user.ts(40,5): error TS1109: Expression expected.\r\nlib/routes/user.ts(40,41): error TS2304: Cannot find name 'defaultUndefinedValue'.\r\n\n    at createTSError (C:\\Users\\User\\Desktop\\Streakr\\server\\node_modules\\ts-node\\src\\index.ts:261:12)\n    at getOutput (C:\\Users\\User\\Desktop\\Streakr\\server\\node_modules\\ts-node\\src\\index.ts:367:40)\n    at Object.compile (C:\\Users\\User\\Desktop\\Streakr\\server\\node_modules\\ts-node\\src\\index.ts:558:11)\n    at Module.m._compile (C:\\Users\\User\\Desktop\\Streakr\\server\\node_modules\\ts-node\\src\\index.ts:439:43)\n    at Module._extensions..js (module.js:646:10)\n    at Object.require.extensions.(anonymous function) [as .ts] (C:\\Users\\User\\Desktop\\Streakr\\server\\node_modules\\ts-node\\src\\index.ts:442:12)\n    at Module.load (module.js:554:32)\n    at tryModuleLoad (module.js:497:12)\n    at Function.Module._load (module.js:489:3)\n    at Module.require (module.js:579:17)\n    at require (internal/module.js:11:18)\n    at Object.<anonymous> (C:\\Users\\User\\Desktop\\Streakr\\server\\lib\\route.ts:3:1)\n    at Module._compile (module.js:635:30)\n    at Module.m._compile (C:\\Users\\User\\Desktop\\Streakr\\server\\node_modules\\ts-node\\src\\index.ts:439:23)\n    at Module._extensions..js (module.js:646:10)\n    at Object.require.extensions.(anonymous function) [as .ts] (C:\\Users\\User\\Desktop\\Streakr\\server\\node_modules\\ts-node\\src\\index.ts:442:12)","exception":true,"date":"Fri Nov 02 2018 07:16:43 GMT+0000 (GMT Standard Time)","process":{"pid":14064,"uid":null,"gid":null,"cwd":"C:\\Users\\User\\Desktop\\Streakr\\server","execPath":"C:\\Program Files\\nodejs\\node.exe","version":"v8.9.1","argv":["node","C:\\Users\\User\\Desktop\\Streakr\\server\\lib\\server.ts"],"memoryUsage":{"rss":185585664,"heapTotal":165818368,"heapUsed":143758680,"external":17921677}},"os":{"loadavg":[0,0,0],"uptime":416928.6673011},"trace":[{"column":12,"file":"C:\\Users\\User\\Desktop\\Streakr\\server\\node_modules\\ts-node\\src\\index.ts","function":"createTSError","line":261,"method":null,"native":false},{"column":40,"file":"C:\\Users\\User\\Desktop\\Streakr\\server\\node_modules\\ts-node\\src\\index.ts","function":"getOutput","line":367,"method":null,"native":false},{"column":11,"file":"C:\\Users\\User\\Desktop\\Streakr\\server\\node_modules\\ts-node\\src\\index.ts","function":"Object.compile","line":558,"method":"compile","native":false},{"column":43,"file":"C:\\Users\\User\\Desktop\\Streakr\\server\\node_modules\\ts-node\\src\\index.ts","function":"Module.m._compile","line":439,"method":"_compile","native":false},{"column":10,"file":"module.js","function":"Module._extensions..js","line":646,"method":".js","native":false},{"column":12,"file":"C:\\Users\\User\\Desktop\\Streakr\\server\\node_modules\\ts-node\\src\\index.ts","function":"Object.require.extensions.(anonymous function) [as .ts]","line":442,"method":"ts]","native":false},{"column":32,"file":"module.js","function":"Module.load","line":554,"method":"load","native":false},{"column":12,"file":"module.js","function":"tryModuleLoad","line":497,"method":null,"native":false},{"column":3,"file":"module.js","function":"Module._load","line":489,"method":"_load","native":false},{"column":17,"file":"module.js","function":"Module.require","line":579,"method":"require","native":false},{"column":18,"file":"internal/module.js","function":"require","line":11,"method":null,"native":false},{"column":1,"file":"C:\\Users\\User\\Desktop\\Streakr\\server\\lib\\route.ts","function":null,"line":3,"method":null,"native":false},{"column":30,"file":"module.js","function":"Module._compile","line":635,"method":"_compile","native":false},{"column":23,"file":"C:\\Users\\User\\Desktop\\Streakr\\server\\node_modules\\ts-node\\src\\index.ts","function":"Module.m._compile","line":439,"method":"_compile","native":false},{"column":10,"file":"module.js","function":"Module._extensions..js","line":646,"method":".js","native":false},{"column":12,"file":"C:\\Users\\User\\Desktop\\Streakr\\server\\node_modules\\ts-node\\src\\index.ts","function":"Object.require.extensions.(anonymous function) [as .ts]","line":442,"method":"ts]","native":false}]}
{"error":{"diagnosticText":"lib/routes/user.ts(8,41): error TS2451: Cannot redeclare block-scoped variable 'partialTextSearchQuery'.\r\nlib/routes/user.ts(9,11): error TS2451: Cannot redeclare block-scoped variable 'partialTextSearchQuery'.\r\n","diagnosticCodes":[2451,2451]},"level":"error","message":"uncaughtException: ⨯ Unable to compile TypeScript:\nlib/routes/user.ts(8,41): error TS2451: Cannot redeclare block-scoped variable 'partialTextSearchQuery'.\r\nlib/routes/user.ts(9,11): error TS2451: Cannot redeclare block-scoped variable 'partialTextSearchQuery'.\r\n\nTSError: ⨯ Unable to compile TypeScript:\nlib/routes/user.ts(8,41): error TS2451: Cannot redeclare block-scoped variable 'partialTextSearchQuery'.\r\nlib/routes/user.ts(9,11): error TS2451: Cannot redeclare block-scoped variable 'partialTextSearchQuery'.\r\n\n    at createTSError (C:\\Users\\User\\Desktop\\Streakr\\server\\node_modules\\ts-node\\src\\index.ts:261:12)\n    at getOutput (C:\\Users\\User\\Desktop\\Streakr\\server\\node_modules\\ts-node\\src\\index.ts:367:40)\n    at Object.compile (C:\\Users\\User\\Desktop\\Streakr\\server\\node_modules\\ts-node\\src\\index.ts:558:11)\n    at Module.m._compile (C:\\Users\\User\\Desktop\\Streakr\\server\\node_modules\\ts-node\\src\\index.ts:439:43)\n    at Module._extensions..js (module.js:646:10)\n    at Object.require.extensions.(anonymous function) [as .ts] (C:\\Users\\User\\Desktop\\Streakr\\server\\node_modules\\ts-node\\src\\index.ts:442:12)\n    at Module.load (module.js:554:32)\n    at tryModuleLoad (module.js:497:12)\n    at Function.Module._load (module.js:489:3)\n    at Module.require (module.js:579:17)\n    at require (internal/module.js:11:18)\n    at Object.<anonymous> (C:\\Users\\User\\Desktop\\Streakr\\server\\lib\\route.ts:3:1)\n    at Module._compile (module.js:635:30)\n    at Module.m._compile (C:\\Users\\User\\Desktop\\Streakr\\server\\node_modules\\ts-node\\src\\index.ts:439:23)\n    at Module._extensions..js (module.js:646:10)\n    at Object.require.extensions.(anonymous function) [as .ts] (C:\\Users\\User\\Desktop\\Streakr\\server\\node_modules\\ts-node\\src\\index.ts:442:12)","stack":"TSError: ⨯ Unable to compile TypeScript:\nlib/routes/user.ts(8,41): error TS2451: Cannot redeclare block-scoped variable 'partialTextSearchQuery'.\r\nlib/routes/user.ts(9,11): error TS2451: Cannot redeclare block-scoped variable 'partialTextSearchQuery'.\r\n\n    at createTSError (C:\\Users\\User\\Desktop\\Streakr\\server\\node_modules\\ts-node\\src\\index.ts:261:12)\n    at getOutput (C:\\Users\\User\\Desktop\\Streakr\\server\\node_modules\\ts-node\\src\\index.ts:367:40)\n    at Object.compile (C:\\Users\\User\\Desktop\\Streakr\\server\\node_modules\\ts-node\\src\\index.ts:558:11)\n    at Module.m._compile (C:\\Users\\User\\Desktop\\Streakr\\server\\node_modules\\ts-node\\src\\index.ts:439:43)\n    at Module._extensions..js (module.js:646:10)\n    at Object.require.extensions.(anonymous function) [as .ts] (C:\\Users\\User\\Desktop\\Streakr\\server\\node_modules\\ts-node\\src\\index.ts:442:12)\n    at Module.load (module.js:554:32)\n    at tryModuleLoad (module.js:497:12)\n    at Function.Module._load (module.js:489:3)\n    at Module.require (module.js:579:17)\n    at require (internal/module.js:11:18)\n    at Object.<anonymous> (C:\\Users\\User\\Desktop\\Streakr\\server\\lib\\route.ts:3:1)\n    at Module._compile (module.js:635:30)\n    at Module.m._compile (C:\\Users\\User\\Desktop\\Streakr\\server\\node_modules\\ts-node\\src\\index.ts:439:23)\n    at Module._extensions..js (module.js:646:10)\n    at Object.require.extensions.(anonymous function) [as .ts] (C:\\Users\\User\\Desktop\\Streakr\\server\\node_modules\\ts-node\\src\\index.ts:442:12)","exception":true,"date":"Fri Nov 02 2018 07:18:58 GMT+0000 (GMT Standard Time)","process":{"pid":2400,"uid":null,"gid":null,"cwd":"C:\\Users\\User\\Desktop\\Streakr\\server","execPath":"C:\\Program Files\\nodejs\\node.exe","version":"v8.9.1","argv":["node","C:\\Users\\User\\Desktop\\Streakr\\server\\lib\\server.ts"],"memoryUsage":{"rss":184209408,"heapTotal":164233216,"heapUsed":141323712,"external":17929869}},"os":{"loadavg":[0,0,0],"uptime":417064.3094101},"trace":[{"column":12,"file":"C:\\Users\\User\\Desktop\\Streakr\\server\\node_modules\\ts-node\\src\\index.ts","function":"createTSError","line":261,"method":null,"native":false},{"column":40,"file":"C:\\Users\\User\\Desktop\\Streakr\\server\\node_modules\\ts-node\\src\\index.ts","function":"getOutput","line":367,"method":null,"native":false},{"column":11,"file":"C:\\Users\\User\\Desktop\\Streakr\\server\\node_modules\\ts-node\\src\\index.ts","function":"Object.compile","line":558,"method":"compile","native":false},{"column":43,"file":"C:\\Users\\User\\Desktop\\Streakr\\server\\node_modules\\ts-node\\src\\index.ts","function":"Module.m._compile","line":439,"method":"_compile","native":false},{"column":10,"file":"module.js","function":"Module._extensions..js","line":646,"method":".js","native":false},{"column":12,"file":"C:\\Users\\User\\Desktop\\Streakr\\server\\node_modules\\ts-node\\src\\index.ts","function":"Object.require.extensions.(anonymous function) [as .ts]","line":442,"method":"ts]","native":false},{"column":32,"file":"module.js","function":"Module.load","line":554,"method":"load","native":false},{"column":12,"file":"module.js","function":"tryModuleLoad","line":497,"method":null,"native":false},{"column":3,"file":"module.js","function":"Module._load","line":489,"method":"_load","native":false},{"column":17,"file":"module.js","function":"Module.require","line":579,"method":"require","native":false},{"column":18,"file":"internal/module.js","function":"require","line":11,"method":null,"native":false},{"column":1,"file":"C:\\Users\\User\\Desktop\\Streakr\\server\\lib\\route.ts","function":null,"line":3,"method":null,"native":false},{"column":30,"file":"module.js","function":"Module._compile","line":635,"method":"_compile","native":false},{"column":23,"file":"C:\\Users\\User\\Desktop\\Streakr\\server\\node_modules\\ts-node\\src\\index.ts","function":"Module.m._compile","line":439,"method":"_compile","native":false},{"column":10,"file":"module.js","function":"Module._extensions..js","line":646,"method":".js","native":false},{"column":12,"file":"C:\\Users\\User\\Desktop\\Streakr\\server\\node_modules\\ts-node\\src\\index.ts","function":"Object.require.extensions.(anonymous function) [as .ts]","line":442,"method":"ts]","native":false}]}
{"error":{"diagnosticText":"lib/routes/user.ts(29,21): error TS1308: 'await' expression is only allowed within an async function.\r\nlib/routes/user.ts(40,14): error TS2304: Cannot find name 'res'.\r\n","diagnosticCodes":[1308,2304]},"level":"error","message":"uncaughtException: ⨯ Unable to compile TypeScript:\nlib/routes/user.ts(29,21): error TS1308: 'await' expression is only allowed within an async function.\r\nlib/routes/user.ts(40,14): error TS2304: Cannot find name 'res'.\r\n\nTSError: ⨯ Unable to compile TypeScript:\nlib/routes/user.ts(29,21): error TS1308: 'await' expression is only allowed within an async function.\r\nlib/routes/user.ts(40,14): error TS2304: Cannot find name 'res'.\r\n\n    at createTSError (C:\\Users\\User\\Desktop\\Streakr\\server\\node_modules\\ts-node\\src\\index.ts:261:12)\n    at getOutput (C:\\Users\\User\\Desktop\\Streakr\\server\\node_modules\\ts-node\\src\\index.ts:367:40)\n    at Object.compile (C:\\Users\\User\\Desktop\\Streakr\\server\\node_modules\\ts-node\\src\\index.ts:558:11)\n    at Module.m._compile (C:\\Users\\User\\Desktop\\Streakr\\server\\node_modules\\ts-node\\src\\index.ts:439:43)\n    at Module._extensions..js (module.js:646:10)\n    at Object.require.extensions.(anonymous function) [as .ts] (C:\\Users\\User\\Desktop\\Streakr\\server\\node_modules\\ts-node\\src\\index.ts:442:12)\n    at Module.load (module.js:554:32)\n    at tryModuleLoad (module.js:497:12)\n    at Function.Module._load (module.js:489:3)\n    at Module.require (module.js:579:17)\n    at require (internal/module.js:11:18)\n    at Object.<anonymous> (C:\\Users\\User\\Desktop\\Streakr\\server\\lib\\route.ts:3:1)\n    at Module._compile (module.js:635:30)\n    at Module.m._compile (C:\\Users\\User\\Desktop\\Streakr\\server\\node_modules\\ts-node\\src\\index.ts:439:23)\n    at Module._extensions..js (module.js:646:10)\n    at Object.require.extensions.(anonymous function) [as .ts] (C:\\Users\\User\\Desktop\\Streakr\\server\\node_modules\\ts-node\\src\\index.ts:442:12)","stack":"TSError: ⨯ Unable to compile TypeScript:\nlib/routes/user.ts(29,21): error TS1308: 'await' expression is only allowed within an async function.\r\nlib/routes/user.ts(40,14): error TS2304: Cannot find name 'res'.\r\n\n    at createTSError (C:\\Users\\User\\Desktop\\Streakr\\server\\node_modules\\ts-node\\src\\index.ts:261:12)\n    at getOutput (C:\\Users\\User\\Desktop\\Streakr\\server\\node_modules\\ts-node\\src\\index.ts:367:40)\n    at Object.compile (C:\\Users\\User\\Desktop\\Streakr\\server\\node_modules\\ts-node\\src\\index.ts:558:11)\n    at Module.m._compile (C:\\Users\\User\\Desktop\\Streakr\\server\\node_modules\\ts-node\\src\\index.ts:439:43)\n    at Module._extensions..js (module.js:646:10)\n    at Object.require.extensions.(anonymous function) [as .ts] (C:\\Users\\User\\Desktop\\Streakr\\server\\node_modules\\ts-node\\src\\index.ts:442:12)\n    at Module.load (module.js:554:32)\n    at tryModuleLoad (module.js:497:12)\n    at Function.Module._load (module.js:489:3)\n    at Module.require (module.js:579:17)\n    at require (internal/module.js:11:18)\n    at Object.<anonymous> (C:\\Users\\User\\Desktop\\Streakr\\server\\lib\\route.ts:3:1)\n    at Module._compile (module.js:635:30)\n    at Module.m._compile (C:\\Users\\User\\Desktop\\Streakr\\server\\node_modules\\ts-node\\src\\index.ts:439:23)\n    at Module._extensions..js (module.js:646:10)\n    at Object.require.extensions.(anonymous function) [as .ts] (C:\\Users\\User\\Desktop\\Streakr\\server\\node_modules\\ts-node\\src\\index.ts:442:12)","exception":true,"date":"Fri Nov 02 2018 07:21:02 GMT+0000 (GMT Standard Time)","process":{"pid":32,"uid":null,"gid":null,"cwd":"C:\\Users\\User\\Desktop\\Streakr\\server","execPath":"C:\\Program Files\\nodejs\\node.exe","version":"v8.9.1","argv":["node","C:\\Users\\User\\Desktop\\Streakr\\server\\lib\\server.ts"],"memoryUsage":{"rss":185196544,"heapTotal":165294080,"heapUsed":144752720,"external":17921677}},"os":{"loadavg":[0,0,0],"uptime":417187.7144076},"trace":[{"column":12,"file":"C:\\Users\\User\\Desktop\\Streakr\\server\\node_modules\\ts-node\\src\\index.ts","function":"createTSError","line":261,"method":null,"native":false},{"column":40,"file":"C:\\Users\\User\\Desktop\\Streakr\\server\\node_modules\\ts-node\\src\\index.ts","function":"getOutput","line":367,"method":null,"native":false},{"column":11,"file":"C:\\Users\\User\\Desktop\\Streakr\\server\\node_modules\\ts-node\\src\\index.ts","function":"Object.compile","line":558,"method":"compile","native":false},{"column":43,"file":"C:\\Users\\User\\Desktop\\Streakr\\server\\node_modules\\ts-node\\src\\index.ts","function":"Module.m._compile","line":439,"method":"_compile","native":false},{"column":10,"file":"module.js","function":"Module._extensions..js","line":646,"method":".js","native":false},{"column":12,"file":"C:\\Users\\User\\Desktop\\Streakr\\server\\node_modules\\ts-node\\src\\index.ts","function":"Object.require.extensions.(anonymous function) [as .ts]","line":442,"method":"ts]","native":false},{"column":32,"file":"module.js","function":"Module.load","line":554,"method":"load","native":false},{"column":12,"file":"module.js","function":"tryModuleLoad","line":497,"method":null,"native":false},{"column":3,"file":"module.js","function":"Module._load","line":489,"method":"_load","native":false},{"column":17,"file":"module.js","function":"Module.require","line":579,"method":"require","native":false},{"column":18,"file":"internal/module.js","function":"require","line":11,"method":null,"native":false},{"column":1,"file":"C:\\Users\\User\\Desktop\\Streakr\\server\\lib\\route.ts","function":null,"line":3,"method":null,"native":false},{"column":30,"file":"module.js","function":"Module._compile","line":635,"method":"_compile","native":false},{"column":23,"file":"C:\\Users\\User\\Desktop\\Streakr\\server\\node_modules\\ts-node\\src\\index.ts","function":"Module.m._compile","line":439,"method":"_compile","native":false},{"column":10,"file":"module.js","function":"Module._extensions..js","line":646,"method":".js","native":false},{"column":12,"file":"C:\\Users\\User\\Desktop\\Streakr\\server\\node_modules\\ts-node\\src\\index.ts","function":"Object.require.extensions.(anonymous function) [as .ts]","line":442,"method":"ts]","native":false}]}
{"error":{"diagnosticText":"lib/routes/user.ts(40,14): error TS2304: Cannot find name 'res'.\r\n","diagnosticCodes":[2304]},"level":"error","message":"uncaughtException: ⨯ Unable to compile TypeScript:\nlib/routes/user.ts(40,14): error TS2304: Cannot find name 'res'.\r\n\nTSError: ⨯ Unable to compile TypeScript:\nlib/routes/user.ts(40,14): error TS2304: Cannot find name 'res'.\r\n\n    at createTSError (C:\\Users\\User\\Desktop\\Streakr\\server\\node_modules\\ts-node\\src\\index.ts:261:12)\n    at getOutput (C:\\Users\\User\\Desktop\\Streakr\\server\\node_modules\\ts-node\\src\\index.ts:367:40)\n    at Object.compile (C:\\Users\\User\\Desktop\\Streakr\\server\\node_modules\\ts-node\\src\\index.ts:558:11)\n    at Module.m._compile (C:\\Users\\User\\Desktop\\Streakr\\server\\node_modules\\ts-node\\src\\index.ts:439:43)\n    at Module._extensions..js (module.js:646:10)\n    at Object.require.extensions.(anonymous function) [as .ts] (C:\\Users\\User\\Desktop\\Streakr\\server\\node_modules\\ts-node\\src\\index.ts:442:12)\n    at Module.load (module.js:554:32)\n    at tryModuleLoad (module.js:497:12)\n    at Function.Module._load (module.js:489:3)\n    at Module.require (module.js:579:17)\n    at require (internal/module.js:11:18)\n    at Object.<anonymous> (C:\\Users\\User\\Desktop\\Streakr\\server\\lib\\route.ts:3:1)\n    at Module._compile (module.js:635:30)\n    at Module.m._compile (C:\\Users\\User\\Desktop\\Streakr\\server\\node_modules\\ts-node\\src\\index.ts:439:23)\n    at Module._extensions..js (module.js:646:10)\n    at Object.require.extensions.(anonymous function) [as .ts] (C:\\Users\\User\\Desktop\\Streakr\\server\\node_modules\\ts-node\\src\\index.ts:442:12)","stack":"TSError: ⨯ Unable to compile TypeScript:\nlib/routes/user.ts(40,14): error TS2304: Cannot find name 'res'.\r\n\n    at createTSError (C:\\Users\\User\\Desktop\\Streakr\\server\\node_modules\\ts-node\\src\\index.ts:261:12)\n    at getOutput (C:\\Users\\User\\Desktop\\Streakr\\server\\node_modules\\ts-node\\src\\index.ts:367:40)\n    at Object.compile (C:\\Users\\User\\Desktop\\Streakr\\server\\node_modules\\ts-node\\src\\index.ts:558:11)\n    at Module.m._compile (C:\\Users\\User\\Desktop\\Streakr\\server\\node_modules\\ts-node\\src\\index.ts:439:43)\n    at Module._extensions..js (module.js:646:10)\n    at Object.require.extensions.(anonymous function) [as .ts] (C:\\Users\\User\\Desktop\\Streakr\\server\\node_modules\\ts-node\\src\\index.ts:442:12)\n    at Module.load (module.js:554:32)\n    at tryModuleLoad (module.js:497:12)\n    at Function.Module._load (module.js:489:3)\n    at Module.require (module.js:579:17)\n    at require (internal/module.js:11:18)\n    at Object.<anonymous> (C:\\Users\\User\\Desktop\\Streakr\\server\\lib\\route.ts:3:1)\n    at Module._compile (module.js:635:30)\n    at Module.m._compile (C:\\Users\\User\\Desktop\\Streakr\\server\\node_modules\\ts-node\\src\\index.ts:439:23)\n    at Module._extensions..js (module.js:646:10)\n    at Object.require.extensions.(anonymous function) [as .ts] (C:\\Users\\User\\Desktop\\Streakr\\server\\node_modules\\ts-node\\src\\index.ts:442:12)","exception":true,"date":"Fri Nov 02 2018 07:21:10 GMT+0000 (GMT Standard Time)","process":{"pid":7580,"uid":null,"gid":null,"cwd":"C:\\Users\\User\\Desktop\\Streakr\\server","execPath":"C:\\Program Files\\nodejs\\node.exe","version":"v8.9.1","argv":["node","C:\\Users\\User\\Desktop\\Streakr\\server\\lib\\server.ts"],"memoryUsage":{"rss":174612480,"heapTotal":155148288,"heapUsed":124820544,"external":17905293}},"os":{"loadavg":[0,0,0],"uptime":417195.8556428},"trace":[{"column":12,"file":"C:\\Users\\User\\Desktop\\Streakr\\server\\node_modules\\ts-node\\src\\index.ts","function":"createTSError","line":261,"method":null,"native":false},{"column":40,"file":"C:\\Users\\User\\Desktop\\Streakr\\server\\node_modules\\ts-node\\src\\index.ts","function":"getOutput","line":367,"method":null,"native":false},{"column":11,"file":"C:\\Users\\User\\Desktop\\Streakr\\server\\node_modules\\ts-node\\src\\index.ts","function":"Object.compile","line":558,"method":"compile","native":false},{"column":43,"file":"C:\\Users\\User\\Desktop\\Streakr\\server\\node_modules\\ts-node\\src\\index.ts","function":"Module.m._compile","line":439,"method":"_compile","native":false},{"column":10,"file":"module.js","function":"Module._extensions..js","line":646,"method":".js","native":false},{"column":12,"file":"C:\\Users\\User\\Desktop\\Streakr\\server\\node_modules\\ts-node\\src\\index.ts","function":"Object.require.extensions.(anonymous function) [as .ts]","line":442,"method":"ts]","native":false},{"column":32,"file":"module.js","function":"Module.load","line":554,"method":"load","native":false},{"column":12,"file":"module.js","function":"tryModuleLoad","line":497,"method":null,"native":false},{"column":3,"file":"module.js","function":"Module._load","line":489,"method":"_load","native":false},{"column":17,"file":"module.js","function":"Module.require","line":579,"method":"require","native":false},{"column":18,"file":"internal/module.js","function":"require","line":11,"method":null,"native":false},{"column":1,"file":"C:\\Users\\User\\Desktop\\Streakr\\server\\lib\\route.ts","function":null,"line":3,"method":null,"native":false},{"column":30,"file":"module.js","function":"Module._compile","line":635,"method":"_compile","native":false},{"column":23,"file":"C:\\Users\\User\\Desktop\\Streakr\\server\\node_modules\\ts-node\\src\\index.ts","function":"Module.m._compile","line":439,"method":"_compile","native":false},{"column":10,"file":"module.js","function":"Module._extensions..js","line":646,"method":".js","native":false},{"column":12,"file":"C:\\Users\\User\\Desktop\\Streakr\\server\\node_modules\\ts-node\\src\\index.ts","function":"Object.require.extensions.(anonymous function) [as .ts]","line":442,"method":"ts]","native":false}]}
{"error":{"diagnosticText":"lib/routes/user.ts(40,14): error TS2552: Cannot find name 'response'. Did you mean 'Response'?\r\nlib/routes/user.ts(40,29): error TS2304: Cannot find name 'users'.\r\n","diagnosticCodes":[2552,2304]},"level":"error","message":"uncaughtException: ⨯ Unable to compile TypeScript:\nlib/routes/user.ts(40,14): error TS2552: Cannot find name 'response'. Did you mean 'Response'?\r\nlib/routes/user.ts(40,29): error TS2304: Cannot find name 'users'.\r\n\nTSError: ⨯ Unable to compile TypeScript:\nlib/routes/user.ts(40,14): error TS2552: Cannot find name 'response'. Did you mean 'Response'?\r\nlib/routes/user.ts(40,29): error TS2304: Cannot find name 'users'.\r\n\n    at createTSError (C:\\Users\\User\\Desktop\\Streakr\\server\\node_modules\\ts-node\\src\\index.ts:261:12)\n    at getOutput (C:\\Users\\User\\Desktop\\Streakr\\server\\node_modules\\ts-node\\src\\index.ts:367:40)\n    at Object.compile (C:\\Users\\User\\Desktop\\Streakr\\server\\node_modules\\ts-node\\src\\index.ts:558:11)\n    at Module.m._compile (C:\\Users\\User\\Desktop\\Streakr\\server\\node_modules\\ts-node\\src\\index.ts:439:43)\n    at Module._extensions..js (module.js:646:10)\n    at Object.require.extensions.(anonymous function) [as .ts] (C:\\Users\\User\\Desktop\\Streakr\\server\\node_modules\\ts-node\\src\\index.ts:442:12)\n    at Module.load (module.js:554:32)\n    at tryModuleLoad (module.js:497:12)\n    at Function.Module._load (module.js:489:3)\n    at Module.require (module.js:579:17)\n    at require (internal/module.js:11:18)\n    at Object.<anonymous> (C:\\Users\\User\\Desktop\\Streakr\\server\\lib\\route.ts:3:1)\n    at Module._compile (module.js:635:30)\n    at Module.m._compile (C:\\Users\\User\\Desktop\\Streakr\\server\\node_modules\\ts-node\\src\\index.ts:439:23)\n    at Module._extensions..js (module.js:646:10)\n    at Object.require.extensions.(anonymous function) [as .ts] (C:\\Users\\User\\Desktop\\Streakr\\server\\node_modules\\ts-node\\src\\index.ts:442:12)","stack":"TSError: ⨯ Unable to compile TypeScript:\nlib/routes/user.ts(40,14): error TS2552: Cannot find name 'response'. Did you mean 'Response'?\r\nlib/routes/user.ts(40,29): error TS2304: Cannot find name 'users'.\r\n\n    at createTSError (C:\\Users\\User\\Desktop\\Streakr\\server\\node_modules\\ts-node\\src\\index.ts:261:12)\n    at getOutput (C:\\Users\\User\\Desktop\\Streakr\\server\\node_modules\\ts-node\\src\\index.ts:367:40)\n    at Object.compile (C:\\Users\\User\\Desktop\\Streakr\\server\\node_modules\\ts-node\\src\\index.ts:558:11)\n    at Module.m._compile (C:\\Users\\User\\Desktop\\Streakr\\server\\node_modules\\ts-node\\src\\index.ts:439:43)\n    at Module._extensions..js (module.js:646:10)\n    at Object.require.extensions.(anonymous function) [as .ts] (C:\\Users\\User\\Desktop\\Streakr\\server\\node_modules\\ts-node\\src\\index.ts:442:12)\n    at Module.load (module.js:554:32)\n    at tryModuleLoad (module.js:497:12)\n    at Function.Module._load (module.js:489:3)\n    at Module.require (module.js:579:17)\n    at require (internal/module.js:11:18)\n    at Object.<anonymous> (C:\\Users\\User\\Desktop\\Streakr\\server\\lib\\route.ts:3:1)\n    at Module._compile (module.js:635:30)\n    at Module.m._compile (C:\\Users\\User\\Desktop\\Streakr\\server\\node_modules\\ts-node\\src\\index.ts:439:23)\n    at Module._extensions..js (module.js:646:10)\n    at Object.require.extensions.(anonymous function) [as .ts] (C:\\Users\\User\\Desktop\\Streakr\\server\\node_modules\\ts-node\\src\\index.ts:442:12)","exception":true,"date":"Fri Nov 02 2018 07:21:38 GMT+0000 (GMT Standard Time)","process":{"pid":12152,"uid":null,"gid":null,"cwd":"C:\\Users\\User\\Desktop\\Streakr\\server","execPath":"C:\\Program Files\\nodejs\\node.exe","version":"v8.9.1","argv":["node","C:\\Users\\User\\Desktop\\Streakr\\server\\lib\\server.ts"],"memoryUsage":{"rss":172826624,"heapTotal":153575424,"heapUsed":122611336,"external":17850784}},"os":{"loadavg":[0,0,0],"uptime":417224.3360091},"trace":[{"column":12,"file":"C:\\Users\\User\\Desktop\\Streakr\\server\\node_modules\\ts-node\\src\\index.ts","function":"createTSError","line":261,"method":null,"native":false},{"column":40,"file":"C:\\Users\\User\\Desktop\\Streakr\\server\\node_modules\\ts-node\\src\\index.ts","function":"getOutput","line":367,"method":null,"native":false},{"column":11,"file":"C:\\Users\\User\\Desktop\\Streakr\\server\\node_modules\\ts-node\\src\\index.ts","function":"Object.compile","line":558,"method":"compile","native":false},{"column":43,"file":"C:\\Users\\User\\Desktop\\Streakr\\server\\node_modules\\ts-node\\src\\index.ts","function":"Module.m._compile","line":439,"method":"_compile","native":false},{"column":10,"file":"module.js","function":"Module._extensions..js","line":646,"method":".js","native":false},{"column":12,"file":"C:\\Users\\User\\Desktop\\Streakr\\server\\node_modules\\ts-node\\src\\index.ts","function":"Object.require.extensions.(anonymous function) [as .ts]","line":442,"method":"ts]","native":false},{"column":32,"file":"module.js","function":"Module.load","line":554,"method":"load","native":false},{"column":12,"file":"module.js","function":"tryModuleLoad","line":497,"method":null,"native":false},{"column":3,"file":"module.js","function":"Module._load","line":489,"method":"_load","native":false},{"column":17,"file":"module.js","function":"Module.require","line":579,"method":"require","native":false},{"column":18,"file":"internal/module.js","function":"require","line":11,"method":null,"native":false},{"column":1,"file":"C:\\Users\\User\\Desktop\\Streakr\\server\\lib\\route.ts","function":null,"line":3,"method":null,"native":false},{"column":30,"file":"module.js","function":"Module._compile","line":635,"method":"_compile","native":false},{"column":23,"file":"C:\\Users\\User\\Desktop\\Streakr\\server\\node_modules\\ts-node\\src\\index.ts","function":"Module.m._compile","line":439,"method":"_compile","native":false},{"column":10,"file":"module.js","function":"Module._extensions..js","line":646,"method":".js","native":false},{"column":12,"file":"C:\\Users\\User\\Desktop\\Streakr\\server\\node_modules\\ts-node\\src\\index.ts","function":"Object.require.extensions.(anonymous function) [as .ts]","line":442,"method":"ts]","native":false}]}
{"error":{"diagnosticText":"lib/routes/user.ts(12,26): error TS2339: Property 'getUsersFromPartialTextSearchQuery' does not exist on type 'typeof UserRouter'.\r\nlib/routes/user.ts(17,52): error TS2345: Argument of type '(options?: QueryOptions, callback?: (err: Error, results: any) => void) => any' is not assignable to parameter of type '{ firstName: string; lastName: string; email: string; }'.\r\n  Property 'firstName' is missing in type '(options?: QueryOptions, callback?: (err: Error, results: any) => void) => any'.\r\n","diagnosticCodes":[2339,2345]},"level":"error","message":"uncaughtException: ⨯ Unable to compile TypeScript:\nlib/routes/user.ts(12,26): error TS2339: Property 'getUsersFromPartialTextSearchQuery' does not exist on type 'typeof UserRouter'.\r\nlib/routes/user.ts(17,52): error TS2345: Argument of type '(options?: QueryOptions, callback?: (err: Error, results: any) => void) => any' is not assignable to parameter of type '{ firstName: string; lastName: string; email: string; }'.\r\n  Property 'firstName' is missing in type '(options?: QueryOptions, callback?: (err: Error, results: any) => void) => any'.\r\n\nTSError: ⨯ Unable to compile TypeScript:\nlib/routes/user.ts(12,26): error TS2339: Property 'getUsersFromPartialTextSearchQuery' does not exist on type 'typeof UserRouter'.\r\nlib/routes/user.ts(17,52): error TS2345: Argument of type '(options?: QueryOptions, callback?: (err: Error, results: any) => void) => any' is not assignable to parameter of type '{ firstName: string; lastName: string; email: string; }'.\r\n  Property 'firstName' is missing in type '(options?: QueryOptions, callback?: (err: Error, results: any) => void) => any'.\r\n\n    at createTSError (C:\\Users\\User\\Desktop\\Streakr\\server\\node_modules\\ts-node\\src\\index.ts:261:12)\n    at getOutput (C:\\Users\\User\\Desktop\\Streakr\\server\\node_modules\\ts-node\\src\\index.ts:367:40)\n    at Object.compile (C:\\Users\\User\\Desktop\\Streakr\\server\\node_modules\\ts-node\\src\\index.ts:558:11)\n    at Module.m._compile (C:\\Users\\User\\Desktop\\Streakr\\server\\node_modules\\ts-node\\src\\index.ts:439:43)\n    at Module._extensions..js (module.js:646:10)\n    at Object.require.extensions.(anonymous function) [as .ts] (C:\\Users\\User\\Desktop\\Streakr\\server\\node_modules\\ts-node\\src\\index.ts:442:12)\n    at Module.load (module.js:554:32)\n    at tryModuleLoad (module.js:497:12)\n    at Function.Module._load (module.js:489:3)\n    at Module.require (module.js:579:17)\n    at require (internal/module.js:11:18)\n    at Object.<anonymous> (C:\\Users\\User\\Desktop\\Streakr\\server\\lib\\route.ts:3:1)\n    at Module._compile (module.js:635:30)\n    at Module.m._compile (C:\\Users\\User\\Desktop\\Streakr\\server\\node_modules\\ts-node\\src\\index.ts:439:23)\n    at Module._extensions..js (module.js:646:10)\n    at Object.require.extensions.(anonymous function) [as .ts] (C:\\Users\\User\\Desktop\\Streakr\\server\\node_modules\\ts-node\\src\\index.ts:442:12)","stack":"TSError: ⨯ Unable to compile TypeScript:\nlib/routes/user.ts(12,26): error TS2339: Property 'getUsersFromPartialTextSearchQuery' does not exist on type 'typeof UserRouter'.\r\nlib/routes/user.ts(17,52): error TS2345: Argument of type '(options?: QueryOptions, callback?: (err: Error, results: any) => void) => any' is not assignable to parameter of type '{ firstName: string; lastName: string; email: string; }'.\r\n  Property 'firstName' is missing in type '(options?: QueryOptions, callback?: (err: Error, results: any) => void) => any'.\r\n\n    at createTSError (C:\\Users\\User\\Desktop\\Streakr\\server\\node_modules\\ts-node\\src\\index.ts:261:12)\n    at getOutput (C:\\Users\\User\\Desktop\\Streakr\\server\\node_modules\\ts-node\\src\\index.ts:367:40)\n    at Object.compile (C:\\Users\\User\\Desktop\\Streakr\\server\\node_modules\\ts-node\\src\\index.ts:558:11)\n    at Module.m._compile (C:\\Users\\User\\Desktop\\Streakr\\server\\node_modules\\ts-node\\src\\index.ts:439:43)\n    at Module._extensions..js (module.js:646:10)\n    at Object.require.extensions.(anonymous function) [as .ts] (C:\\Users\\User\\Desktop\\Streakr\\server\\node_modules\\ts-node\\src\\index.ts:442:12)\n    at Module.load (module.js:554:32)\n    at tryModuleLoad (module.js:497:12)\n    at Function.Module._load (module.js:489:3)\n    at Module.require (module.js:579:17)\n    at require (internal/module.js:11:18)\n    at Object.<anonymous> (C:\\Users\\User\\Desktop\\Streakr\\server\\lib\\route.ts:3:1)\n    at Module._compile (module.js:635:30)\n    at Module.m._compile (C:\\Users\\User\\Desktop\\Streakr\\server\\node_modules\\ts-node\\src\\index.ts:439:23)\n    at Module._extensions..js (module.js:646:10)\n    at Object.require.extensions.(anonymous function) [as .ts] (C:\\Users\\User\\Desktop\\Streakr\\server\\node_modules\\ts-node\\src\\index.ts:442:12)","exception":true,"date":"Fri Nov 02 2018 07:26:00 GMT+0000 (GMT Standard Time)","process":{"pid":12504,"uid":null,"gid":null,"cwd":"C:\\Users\\User\\Desktop\\Streakr\\server","execPath":"C:\\Program Files\\nodejs\\node.exe","version":"v8.9.1","argv":["node","C:\\Users\\User\\Desktop\\Streakr\\server\\lib\\server.ts"],"memoryUsage":{"rss":192495616,"heapTotal":171585536,"heapUsed":140081824,"external":17867168}},"os":{"loadavg":[0,0,0],"uptime":417485.9295108},"trace":[{"column":12,"file":"C:\\Users\\User\\Desktop\\Streakr\\server\\node_modules\\ts-node\\src\\index.ts","function":"createTSError","line":261,"method":null,"native":false},{"column":40,"file":"C:\\Users\\User\\Desktop\\Streakr\\server\\node_modules\\ts-node\\src\\index.ts","function":"getOutput","line":367,"method":null,"native":false},{"column":11,"file":"C:\\Users\\User\\Desktop\\Streakr\\server\\node_modules\\ts-node\\src\\index.ts","function":"Object.compile","line":558,"method":"compile","native":false},{"column":43,"file":"C:\\Users\\User\\Desktop\\Streakr\\server\\node_modules\\ts-node\\src\\index.ts","function":"Module.m._compile","line":439,"method":"_compile","native":false},{"column":10,"file":"module.js","function":"Module._extensions..js","line":646,"method":".js","native":false},{"column":12,"file":"C:\\Users\\User\\Desktop\\Streakr\\server\\node_modules\\ts-node\\src\\index.ts","function":"Object.require.extensions.(anonymous function) [as .ts]","line":442,"method":"ts]","native":false},{"column":32,"file":"module.js","function":"Module.load","line":554,"method":"load","native":false},{"column":12,"file":"module.js","function":"tryModuleLoad","line":497,"method":null,"native":false},{"column":3,"file":"module.js","function":"Module._load","line":489,"method":"_load","native":false},{"column":17,"file":"module.js","function":"Module.require","line":579,"method":"require","native":false},{"column":18,"file":"internal/module.js","function":"require","line":11,"method":null,"native":false},{"column":1,"file":"C:\\Users\\User\\Desktop\\Streakr\\server\\lib\\route.ts","function":null,"line":3,"method":null,"native":false},{"column":30,"file":"module.js","function":"Module._compile","line":635,"method":"_compile","native":false},{"column":23,"file":"C:\\Users\\User\\Desktop\\Streakr\\server\\node_modules\\ts-node\\src\\index.ts","function":"Module.m._compile","line":439,"method":"_compile","native":false},{"column":10,"file":"module.js","function":"Module._extensions..js","line":646,"method":".js","native":false},{"column":12,"file":"C:\\Users\\User\\Desktop\\Streakr\\server\\node_modules\\ts-node\\src\\index.ts","function":"Object.require.extensions.(anonymous function) [as .ts]","line":442,"method":"ts]","native":false}]}
{"error":{"diagnosticText":"lib/routes/user.ts(12,26): error TS2339: Property 'getUsersFromPartialTextSearchQuery' does not exist on type 'typeof UserRouter'.\r\n","diagnosticCodes":[2339]},"level":"error","message":"uncaughtException: ⨯ Unable to compile TypeScript:\nlib/routes/user.ts(12,26): error TS2339: Property 'getUsersFromPartialTextSearchQuery' does not exist on type 'typeof UserRouter'.\r\n\nTSError: ⨯ Unable to compile TypeScript:\nlib/routes/user.ts(12,26): error TS2339: Property 'getUsersFromPartialTextSearchQuery' does not exist on type 'typeof UserRouter'.\r\n\n    at createTSError (C:\\Users\\User\\Desktop\\Streakr\\server\\node_modules\\ts-node\\src\\index.ts:261:12)\n    at getOutput (C:\\Users\\User\\Desktop\\Streakr\\server\\node_modules\\ts-node\\src\\index.ts:367:40)\n    at Object.compile (C:\\Users\\User\\Desktop\\Streakr\\server\\node_modules\\ts-node\\src\\index.ts:558:11)\n    at Module.m._compile (C:\\Users\\User\\Desktop\\Streakr\\server\\node_modules\\ts-node\\src\\index.ts:439:43)\n    at Module._extensions..js (module.js:646:10)\n    at Object.require.extensions.(anonymous function) [as .ts] (C:\\Users\\User\\Desktop\\Streakr\\server\\node_modules\\ts-node\\src\\index.ts:442:12)\n    at Module.load (module.js:554:32)\n    at tryModuleLoad (module.js:497:12)\n    at Function.Module._load (module.js:489:3)\n    at Module.require (module.js:579:17)\n    at require (internal/module.js:11:18)\n    at Object.<anonymous> (C:\\Users\\User\\Desktop\\Streakr\\server\\lib\\route.ts:3:1)\n    at Module._compile (module.js:635:30)\n    at Module.m._compile (C:\\Users\\User\\Desktop\\Streakr\\server\\node_modules\\ts-node\\src\\index.ts:439:23)\n    at Module._extensions..js (module.js:646:10)\n    at Object.require.extensions.(anonymous function) [as .ts] (C:\\Users\\User\\Desktop\\Streakr\\server\\node_modules\\ts-node\\src\\index.ts:442:12)","stack":"TSError: ⨯ Unable to compile TypeScript:\nlib/routes/user.ts(12,26): error TS2339: Property 'getUsersFromPartialTextSearchQuery' does not exist on type 'typeof UserRouter'.\r\n\n    at createTSError (C:\\Users\\User\\Desktop\\Streakr\\server\\node_modules\\ts-node\\src\\index.ts:261:12)\n    at getOutput (C:\\Users\\User\\Desktop\\Streakr\\server\\node_modules\\ts-node\\src\\index.ts:367:40)\n    at Object.compile (C:\\Users\\User\\Desktop\\Streakr\\server\\node_modules\\ts-node\\src\\index.ts:558:11)\n    at Module.m._compile (C:\\Users\\User\\Desktop\\Streakr\\server\\node_modules\\ts-node\\src\\index.ts:439:43)\n    at Module._extensions..js (module.js:646:10)\n    at Object.require.extensions.(anonymous function) [as .ts] (C:\\Users\\User\\Desktop\\Streakr\\server\\node_modules\\ts-node\\src\\index.ts:442:12)\n    at Module.load (module.js:554:32)\n    at tryModuleLoad (module.js:497:12)\n    at Function.Module._load (module.js:489:3)\n    at Module.require (module.js:579:17)\n    at require (internal/module.js:11:18)\n    at Object.<anonymous> (C:\\Users\\User\\Desktop\\Streakr\\server\\lib\\route.ts:3:1)\n    at Module._compile (module.js:635:30)\n    at Module.m._compile (C:\\Users\\User\\Desktop\\Streakr\\server\\node_modules\\ts-node\\src\\index.ts:439:23)\n    at Module._extensions..js (module.js:646:10)\n    at Object.require.extensions.(anonymous function) [as .ts] (C:\\Users\\User\\Desktop\\Streakr\\server\\node_modules\\ts-node\\src\\index.ts:442:12)","exception":true,"date":"Fri Nov 02 2018 07:26:16 GMT+0000 (GMT Standard Time)","process":{"pid":3304,"uid":null,"gid":null,"cwd":"C:\\Users\\User\\Desktop\\Streakr\\server","execPath":"C:\\Program Files\\nodejs\\node.exe","version":"v8.9.1","argv":["node","C:\\Users\\User\\Desktop\\Streakr\\server\\lib\\server.ts"],"memoryUsage":{"rss":184967168,"heapTotal":165294080,"heapUsed":145054704,"external":17913485}},"os":{"loadavg":[0,0,0],"uptime":417501.9517511},"trace":[{"column":12,"file":"C:\\Users\\User\\Desktop\\Streakr\\server\\node_modules\\ts-node\\src\\index.ts","function":"createTSError","line":261,"method":null,"native":false},{"column":40,"file":"C:\\Users\\User\\Desktop\\Streakr\\server\\node_modules\\ts-node\\src\\index.ts","function":"getOutput","line":367,"method":null,"native":false},{"column":11,"file":"C:\\Users\\User\\Desktop\\Streakr\\server\\node_modules\\ts-node\\src\\index.ts","function":"Object.compile","line":558,"method":"compile","native":false},{"column":43,"file":"C:\\Users\\User\\Desktop\\Streakr\\server\\node_modules\\ts-node\\src\\index.ts","function":"Module.m._compile","line":439,"method":"_compile","native":false},{"column":10,"file":"module.js","function":"Module._extensions..js","line":646,"method":".js","native":false},{"column":12,"file":"C:\\Users\\User\\Desktop\\Streakr\\server\\node_modules\\ts-node\\src\\index.ts","function":"Object.require.extensions.(anonymous function) [as .ts]","line":442,"method":"ts]","native":false},{"column":32,"file":"module.js","function":"Module.load","line":554,"method":"load","native":false},{"column":12,"file":"module.js","function":"tryModuleLoad","line":497,"method":null,"native":false},{"column":3,"file":"module.js","function":"Module._load","line":489,"method":"_load","native":false},{"column":17,"file":"module.js","function":"Module.require","line":579,"method":"require","native":false},{"column":18,"file":"internal/module.js","function":"require","line":11,"method":null,"native":false},{"column":1,"file":"C:\\Users\\User\\Desktop\\Streakr\\server\\lib\\route.ts","function":null,"line":3,"method":null,"native":false},{"column":30,"file":"module.js","function":"Module._compile","line":635,"method":"_compile","native":false},{"column":23,"file":"C:\\Users\\User\\Desktop\\Streakr\\server\\node_modules\\ts-node\\src\\index.ts","function":"Module.m._compile","line":439,"method":"_compile","native":false},{"column":10,"file":"module.js","function":"Module._extensions..js","line":646,"method":".js","native":false},{"column":12,"file":"C:\\Users\\User\\Desktop\\Streakr\\server\\node_modules\\ts-node\\src\\index.ts","function":"Object.require.extensions.(anonymous function) [as .ts]","line":442,"method":"ts]","native":false}]}
{"error":{"diagnosticText":"lib/routes/user.ts(17,50): error TS2345: Argument of type '(options?: QueryOptions, callback?: (err: Error, results: any) => void) => any' is not assignable to parameter of type '{ firstName: string; lastName: string; email: string; }'.\r\n  Property 'firstName' is missing in type '(options?: QueryOptions, callback?: (err: Error, results: any) => void) => any'.\r\n","diagnosticCodes":[2345]},"level":"error","message":"uncaughtException: ⨯ Unable to compile TypeScript:\nlib/routes/user.ts(17,50): error TS2345: Argument of type '(options?: QueryOptions, callback?: (err: Error, results: any) => void) => any' is not assignable to parameter of type '{ firstName: string; lastName: string; email: string; }'.\r\n  Property 'firstName' is missing in type '(options?: QueryOptions, callback?: (err: Error, results: any) => void) => any'.\r\n\nTSError: ⨯ Unable to compile TypeScript:\nlib/routes/user.ts(17,50): error TS2345: Argument of type '(options?: QueryOptions, callback?: (err: Error, results: any) => void) => any' is not assignable to parameter of type '{ firstName: string; lastName: string; email: string; }'.\r\n  Property 'firstName' is missing in type '(options?: QueryOptions, callback?: (err: Error, results: any) => void) => any'.\r\n\n    at createTSError (C:\\Users\\User\\Desktop\\Streakr\\server\\node_modules\\ts-node\\src\\index.ts:261:12)\n    at getOutput (C:\\Users\\User\\Desktop\\Streakr\\server\\node_modules\\ts-node\\src\\index.ts:367:40)\n    at Object.compile (C:\\Users\\User\\Desktop\\Streakr\\server\\node_modules\\ts-node\\src\\index.ts:558:11)\n    at Module.m._compile (C:\\Users\\User\\Desktop\\Streakr\\server\\node_modules\\ts-node\\src\\index.ts:439:43)\n    at Module._extensions..js (module.js:646:10)\n    at Object.require.extensions.(anonymous function) [as .ts] (C:\\Users\\User\\Desktop\\Streakr\\server\\node_modules\\ts-node\\src\\index.ts:442:12)\n    at Module.load (module.js:554:32)\n    at tryModuleLoad (module.js:497:12)\n    at Function.Module._load (module.js:489:3)\n    at Module.require (module.js:579:17)\n    at require (internal/module.js:11:18)\n    at Object.<anonymous> (C:\\Users\\User\\Desktop\\Streakr\\server\\lib\\route.ts:3:1)\n    at Module._compile (module.js:635:30)\n    at Module.m._compile (C:\\Users\\User\\Desktop\\Streakr\\server\\node_modules\\ts-node\\src\\index.ts:439:23)\n    at Module._extensions..js (module.js:646:10)\n    at Object.require.extensions.(anonymous function) [as .ts] (C:\\Users\\User\\Desktop\\Streakr\\server\\node_modules\\ts-node\\src\\index.ts:442:12)","stack":"TSError: ⨯ Unable to compile TypeScript:\nlib/routes/user.ts(17,50): error TS2345: Argument of type '(options?: QueryOptions, callback?: (err: Error, results: any) => void) => any' is not assignable to parameter of type '{ firstName: string; lastName: string; email: string; }'.\r\n  Property 'firstName' is missing in type '(options?: QueryOptions, callback?: (err: Error, results: any) => void) => any'.\r\n\n    at createTSError (C:\\Users\\User\\Desktop\\Streakr\\server\\node_modules\\ts-node\\src\\index.ts:261:12)\n    at getOutput (C:\\Users\\User\\Desktop\\Streakr\\server\\node_modules\\ts-node\\src\\index.ts:367:40)\n    at Object.compile (C:\\Users\\User\\Desktop\\Streakr\\server\\node_modules\\ts-node\\src\\index.ts:558:11)\n    at Module.m._compile (C:\\Users\\User\\Desktop\\Streakr\\server\\node_modules\\ts-node\\src\\index.ts:439:43)\n    at Module._extensions..js (module.js:646:10)\n    at Object.require.extensions.(anonymous function) [as .ts] (C:\\Users\\User\\Desktop\\Streakr\\server\\node_modules\\ts-node\\src\\index.ts:442:12)\n    at Module.load (module.js:554:32)\n    at tryModuleLoad (module.js:497:12)\n    at Function.Module._load (module.js:489:3)\n    at Module.require (module.js:579:17)\n    at require (internal/module.js:11:18)\n    at Object.<anonymous> (C:\\Users\\User\\Desktop\\Streakr\\server\\lib\\route.ts:3:1)\n    at Module._compile (module.js:635:30)\n    at Module.m._compile (C:\\Users\\User\\Desktop\\Streakr\\server\\node_modules\\ts-node\\src\\index.ts:439:23)\n    at Module._extensions..js (module.js:646:10)\n    at Object.require.extensions.(anonymous function) [as .ts] (C:\\Users\\User\\Desktop\\Streakr\\server\\node_modules\\ts-node\\src\\index.ts:442:12)","exception":true,"date":"Fri Nov 02 2018 07:28:13 GMT+0000 (GMT Standard Time)","process":{"pid":12728,"uid":null,"gid":null,"cwd":"C:\\Users\\User\\Desktop\\Streakr\\server","execPath":"C:\\Program Files\\nodejs\\node.exe","version":"v8.9.1","argv":["node","C:\\Users\\User\\Desktop\\Streakr\\server\\lib\\server.ts"],"memoryUsage":{"rss":190595072,"heapTotal":171061248,"heapUsed":140574168,"external":17867168}},"os":{"loadavg":[0,0,0],"uptime":417618.7746209},"trace":[{"column":12,"file":"C:\\Users\\User\\Desktop\\Streakr\\server\\node_modules\\ts-node\\src\\index.ts","function":"createTSError","line":261,"method":null,"native":false},{"column":40,"file":"C:\\Users\\User\\Desktop\\Streakr\\server\\node_modules\\ts-node\\src\\index.ts","function":"getOutput","line":367,"method":null,"native":false},{"column":11,"file":"C:\\Users\\User\\Desktop\\Streakr\\server\\node_modules\\ts-node\\src\\index.ts","function":"Object.compile","line":558,"method":"compile","native":false},{"column":43,"file":"C:\\Users\\User\\Desktop\\Streakr\\server\\node_modules\\ts-node\\src\\index.ts","function":"Module.m._compile","line":439,"method":"_compile","native":false},{"column":10,"file":"module.js","function":"Module._extensions..js","line":646,"method":".js","native":false},{"column":12,"file":"C:\\Users\\User\\Desktop\\Streakr\\server\\node_modules\\ts-node\\src\\index.ts","function":"Object.require.extensions.(anonymous function) [as .ts]","line":442,"method":"ts]","native":false},{"column":32,"file":"module.js","function":"Module.load","line":554,"method":"load","native":false},{"column":12,"file":"module.js","function":"tryModuleLoad","line":497,"method":null,"native":false},{"column":3,"file":"module.js","function":"Module._load","line":489,"method":"_load","native":false},{"column":17,"file":"module.js","function":"Module.require","line":579,"method":"require","native":false},{"column":18,"file":"internal/module.js","function":"require","line":11,"method":null,"native":false},{"column":1,"file":"C:\\Users\\User\\Desktop\\Streakr\\server\\lib\\route.ts","function":null,"line":3,"method":null,"native":false},{"column":30,"file":"module.js","function":"Module._compile","line":635,"method":"_compile","native":false},{"column":23,"file":"C:\\Users\\User\\Desktop\\Streakr\\server\\node_modules\\ts-node\\src\\index.ts","function":"Module.m._compile","line":439,"method":"_compile","native":false},{"column":10,"file":"module.js","function":"Module._extensions..js","line":646,"method":".js","native":false},{"column":12,"file":"C:\\Users\\User\\Desktop\\Streakr\\server\\node_modules\\ts-node\\src\\index.ts","function":"Object.require.extensions.(anonymous function) [as .ts]","line":442,"method":"ts]","native":false}]}
