<?xml version="1.0" encoding="UTF-8"?>
<coverage generated="1543216632241" clover="3.2.0">
  <project timestamp="1543216632241" name="All files">
    <metrics statements="40" coveredstatements="27" conditionals="6" coveredconditionals="0" methods="9" coveredmethods="6" elements="55" coveredelements="33" complexity="0" loc="40" ncloc="40" packages="2" files="2" classes="2">
      <package name="Middleware">
        <metrics statements="26" coveredstatements="17" conditionals="4" coveredconditionals="0" methods="5" coveredmethods="3"/>
        <file name="user.validation.middleware.ts" path="C:\Users\User\Desktop\Streakr\server\src\Middleware\user.validation.middleware.ts">
          <metrics statements="26" coveredstatements="17" conditionals="4" coveredconditionals="0" methods="5" coveredmethods="3"/>
          <line num="2" count="1" type="stmt"/>
          <line num="3" count="1" type="stmt"/>
          <line num="5" count="1" type="stmt"/>
          <line num="6" count="1" type="stmt"/>
          <line num="8" count="1" type="stmt"/>
          <line num="14" count="1" type="stmt"/>
          <line num="15" count="1" type="stmt"/>
          <line num="16" count="1" type="stmt"/>
          <line num="24" count="2" type="stmt"/>
          <line num="25" count="2" type="stmt"/>
          <line num="26" count="2" type="stmt"/>
          <line num="27" count="2" type="stmt"/>
          <line num="28" count="2" type="stmt"/>
          <line num="36" count="2" type="stmt"/>
          <line num="37" count="2" type="stmt"/>
          <line num="38" count="2" type="stmt"/>
          <line num="39" count="2" type="stmt"/>
          <line num="47" count="0" type="stmt"/>
          <line num="48" count="0" type="cond" truecount="0" falsecount="2"/>
          <line num="49" count="0" type="stmt"/>
          <line num="58" count="0" type="stmt"/>
          <line num="59" count="0" type="stmt"/>
          <line num="67" count="0" type="stmt"/>
          <line num="68" count="0" type="cond" truecount="0" falsecount="2"/>
          <line num="69" count="0" type="stmt"/>
          <line num="77" count="0" type="stmt"/>
        </file>
      </package>
      <package name="Utils">
        <metrics statements="14" coveredstatements="10" conditionals="2" coveredconditionals="0" methods="4" coveredmethods="3"/>
        <file name="passsord.helper.ts" path="C:\Users\User\Desktop\Streakr\server\src\Utils\passsord.helper.ts">
          <metrics statements="14" coveredstatements="10" conditionals="2" coveredconditionals="0" methods="4" coveredmethods="3"/>
          <line num="1" count="1" type="stmt"/>
          <line num="4" count="1" type="stmt"/>
          <line num="7" count="1" type="stmt"/>
          <line num="10" count="1" type="stmt"/>
          <line num="11" count="1" type="stmt"/>
          <line num="12" count="1" type="stmt"/>
          <line num="18" count="1" type="stmt"/>
          <line num="19" count="1" type="stmt"/>
          <line num="20" count="1" type="stmt"/>
          <line num="21" count="1" type="stmt"/>
          <line num="22" count="0" type="cond" truecount="0" falsecount="2"/>
          <line num="23" count="0" type="stmt"/>
          <line num="26" count="0" type="stmt"/>
          <line num="27" count="0" type="stmt"/>
        </file>
      </package>
    </metrics>
  </project>
</coverage>
