{"C:\\Users\\User\\Desktop\\Streakr\\server\\src\\DatabaseHelpers\\userDatabaseHelper.ts": {"path":"C:\\Users\\User\\Desktop\\Streakr\\server\\src\\DatabaseHelpers\\userDatabaseHelper.ts","statementMap":{"0":{"start":{"line":2,"column":0},"end":{"line":2,"column":38}},"1":{"start":{"line":4,"column":28},"end":{"line":4,"column":58}},"2":{"start":{"line":8,"column":4},"end":{"line":13,"column":7}},"3":{"start":{"line":9,"column":6},"end":{"line":12,"column":9}},"4":{"start":{"line":9,"column":39},"end":{"line":12,"column":7}},"5":{"start":{"line":10,"column":8},"end":{"line":10,"column":29}},"6":{"start":{"line":10,"column":17},"end":{"line":10,"column":29}},"7":{"start":{"line":11,"column":8},"end":{"line":11,"column":22}},"8":{"start":{"line":18,"column":4},"end":{"line":24,"column":7}},"9":{"start":{"line":19,"column":6},"end":{"line":23,"column":9}},"10":{"start":{"line":20,"column":8},"end":{"line":20,"column":29}},"11":{"start":{"line":20,"column":17},"end":{"line":20,"column":29}},"12":{"start":{"line":21,"column":8},"end":{"line":21,"column":34}},"13":{"start":{"line":21,"column":19},"end":{"line":21,"column":34}},"14":{"start":{"line":22,"column":8},"end":{"line":22,"column":22}},"15":{"start":{"line":29,"column":4},"end":{"line":35,"column":7}},"16":{"start":{"line":30,"column":6},"end":{"line":34,"column":9}},"17":{"start":{"line":31,"column":8},"end":{"line":31,"column":29}},"18":{"start":{"line":31,"column":17},"end":{"line":31,"column":29}},"19":{"start":{"line":32,"column":8},"end":{"line":32,"column":34}},"20":{"start":{"line":32,"column":19},"end":{"line":32,"column":34}},"21":{"start":{"line":33,"column":8},"end":{"line":33,"column":22}},"22":{"start":{"line":39,"column":4},"end":{"line":44,"column":7}},"23":{"start":{"line":40,"column":6},"end":{"line":43,"column":9}},"24":{"start":{"line":41,"column":8},"end":{"line":41,"column":29}},"25":{"start":{"line":41,"column":17},"end":{"line":41,"column":29}},"26":{"start":{"line":42,"column":8},"end":{"line":42,"column":50}},"27":{"start":{"line":51,"column":4},"end":{"line":61,"column":7}},"28":{"start":{"line":52,"column":6},"end":{"line":60,"column":8}},"29":{"start":{"line":57,"column":10},"end":{"line":57,"column":22}},"30":{"start":{"line":58,"column":10},"end":{"line":58,"column":24}},"31":{"start":{"line":6,"column":0},"end":{"line":63,"column":1}}},"fnMap":{"0":{"name":"(anonymous_6)","decl":{"start":{"line":7,"column":9},"end":{"line":7,"column":14}},"loc":{"start":{"line":7,"column":52},"end":{"line":14,"column":3}}},"1":{"name":"(anonymous_7)","decl":{"start":{"line":8,"column":23},"end":{"line":8,"column":24}},"loc":{"start":{"line":8,"column":43},"end":{"line":13,"column":5}}},"2":{"name":"(anonymous_8)","decl":{"start":{"line":9,"column":19},"end":{"line":9,"column":26}},"loc":{"start":{"line":9,"column":39},"end":{"line":12,"column":7}}},"3":{"name":"(anonymous_9)","decl":{"start":{"line":9,"column":39},"end":{"line":null,"column":-1}},"loc":{"start":{"line":9,"column":39},"end":{"line":12,"column":7}}},"4":{"name":"(anonymous_10)","decl":{"start":{"line":17,"column":9},"end":{"line":17,"column":14}},"loc":{"start":{"line":17,"column":48},"end":{"line":25,"column":3}}},"5":{"name":"(anonymous_11)","decl":{"start":{"line":18,"column":23},"end":{"line":18,"column":24}},"loc":{"start":{"line":18,"column":43},"end":{"line":24,"column":5}}},"6":{"name":"(anonymous_12)","decl":{"start":{"line":19,"column":40},"end":{"line":19,"column":41}},"loc":{"start":{"line":19,"column":54},"end":{"line":23,"column":7}}},"7":{"name":"(anonymous_13)","decl":{"start":{"line":28,"column":9},"end":{"line":28,"column":14}},"loc":{"start":{"line":28,"column":50},"end":{"line":36,"column":3}}},"8":{"name":"(anonymous_14)","decl":{"start":{"line":29,"column":23},"end":{"line":29,"column":24}},"loc":{"start":{"line":29,"column":43},"end":{"line":35,"column":5}}},"9":{"name":"(anonymous_15)","decl":{"start":{"line":30,"column":46},"end":{"line":30,"column":47}},"loc":{"start":{"line":30,"column":60},"end":{"line":34,"column":7}}},"10":{"name":"(anonymous_16)","decl":{"start":{"line":38,"column":9},"end":{"line":38,"column":14}},"loc":{"start":{"line":38,"column":38},"end":{"line":45,"column":3}}},"11":{"name":"(anonymous_17)","decl":{"start":{"line":39,"column":23},"end":{"line":39,"column":24}},"loc":{"start":{"line":39,"column":43},"end":{"line":44,"column":5}}},"12":{"name":"(anonymous_18)","decl":{"start":{"line":40,"column":32},"end":{"line":40,"column":34}},"loc":{"start":{"line":40,"column":38},"end":{"line":43,"column":7}}},"13":{"name":"(anonymous_19)","decl":{"start":{"line":47,"column":9},"end":{"line":47,"column":14}},"loc":{"start":{"line":49,"column":24},"end":{"line":62,"column":3}}},"14":{"name":"(anonymous_20)","decl":{"start":{"line":51,"column":23},"end":{"line":51,"column":24}},"loc":{"start":{"line":51,"column":43},"end":{"line":61,"column":5}}},"15":{"name":"(anonymous_21)","decl":{"start":{"line":56,"column":8},"end":{"line":56,"column":9}},"loc":{"start":{"line":56,"column":22},"end":{"line":59,"column":9}}}},"branchMap":{"0":{"loc":{"start":{"line":10,"column":8},"end":{"line":10,"column":29}},"type":"if","locations":[{"start":{"line":10,"column":8},"end":{"line":10,"column":29}},{"start":{"line":10,"column":8},"end":{"line":10,"column":29}}]},"1":{"loc":{"start":{"line":20,"column":8},"end":{"line":20,"column":29}},"type":"if","locations":[{"start":{"line":20,"column":8},"end":{"line":20,"column":29}},{"start":{"line":20,"column":8},"end":{"line":20,"column":29}}]},"2":{"loc":{"start":{"line":21,"column":8},"end":{"line":21,"column":34}},"type":"if","locations":[{"start":{"line":21,"column":8},"end":{"line":21,"column":34}},{"start":{"line":21,"column":8},"end":{"line":21,"column":34}}]},"3":{"loc":{"start":{"line":31,"column":8},"end":{"line":31,"column":29}},"type":"if","locations":[{"start":{"line":31,"column":8},"end":{"line":31,"column":29}},{"start":{"line":31,"column":8},"end":{"line":31,"column":29}}]},"4":{"loc":{"start":{"line":32,"column":8},"end":{"line":32,"column":34}},"type":"if","locations":[{"start":{"line":32,"column":8},"end":{"line":32,"column":34}},{"start":{"line":32,"column":8},"end":{"line":32,"column":34}}]},"5":{"loc":{"start":{"line":41,"column":8},"end":{"line":41,"column":29}},"type":"if","locations":[{"start":{"line":41,"column":8},"end":{"line":41,"column":29}},{"start":{"line":41,"column":8},"end":{"line":41,"column":29}}]}},"s":{"0":1,"1":1,"2":0,"3":0,"4":0,"5":0,"6":0,"7":0,"8":0,"9":0,"10":0,"11":0,"12":0,"13":0,"14":0,"15":0,"16":0,"17":0,"18":0,"19":0,"20":0,"21":0,"22":0,"23":0,"24":0,"25":0,"26":0,"27":0,"28":0,"29":0,"30":0,"31":1},"f":{"0":0,"1":0,"2":0,"3":0,"4":0,"5":0,"6":0,"7":0,"8":0,"9":0,"10":0,"11":0,"12":0,"13":0,"14":0,"15":0},"b":{"0":[0,0],"1":[0,0],"2":[0,0],"3":[0,0],"4":[0,0],"5":[0,0]}}
,"C:\\Users\\User\\Desktop\\Streakr\\server\\src\\Middleware\\user.validation.middleware.ts": {"path":"C:\\Users\\User\\Desktop\\Streakr\\server\\src\\Middleware\\user.validation.middleware.ts","statementMap":{"0":{"start":{"line":2,"column":0},"end":{"line":2,"column":74}},"1":{"start":{"line":3,"column":0},"end":{"line":3,"column":65}},"2":{"start":{"line":5,"column":17},"end":{"line":5,"column":24}},"3":{"start":{"line":6,"column":20},"end":{"line":6,"column":30}},"4":{"start":{"line":14,"column":4},"end":{"line":14,"column":79}},"5":{"start":{"line":15,"column":4},"end":{"line":15,"column":77}},"6":{"start":{"line":16,"column":4},"end":{"line":16,"column":11}},"7":{"start":{"line":24,"column":22},"end":{"line":24,"column":34}},"8":{"start":{"line":25,"column":35},"end":{"line":25,"column":50}},"9":{"start":{"line":26,"column":19},"end":{"line":26,"column":50}},"10":{"start":{"line":27,"column":4},"end":{"line":27,"column":41}},"11":{"start":{"line":28,"column":4},"end":{"line":28,"column":11}},"12":{"start":{"line":36,"column":25},"end":{"line":36,"column":37}},"13":{"start":{"line":37,"column":34},"end":{"line":37,"column":49}},"14":{"start":{"line":38,"column":4},"end":{"line":38,"column":71}},"15":{"start":{"line":39,"column":4},"end":{"line":39,"column":11}},"16":{"start":{"line":47,"column":42},"end":{"line":47,"column":57}},"17":{"start":{"line":48,"column":4},"end":{"line":57,"column":5}},"18":{"start":{"line":49,"column":6},"end":{"line":56,"column":11}},"19":{"start":{"line":58,"column":4},"end":{"line":58,"column":50}},"20":{"start":{"line":59,"column":4},"end":{"line":59,"column":11}},"21":{"start":{"line":67,"column":48},"end":{"line":67,"column":63}},"22":{"start":{"line":68,"column":4},"end":{"line":77,"column":18}},"23":{"start":{"line":69,"column":6},"end":{"line":76,"column":11}},"24":{"start":{"line":77,"column":11},"end":{"line":77,"column":18}},"25":{"start":{"line":8,"column":0},"end":{"line":79,"column":1}}},"fnMap":{"0":{"name":"(anonymous_6)","decl":{"start":{"line":9,"column":9},"end":{"line":9,"column":14}},"loc":{"start":{"line":12,"column":18},"end":{"line":17,"column":3}}},"1":{"name":"(anonymous_7)","decl":{"start":{"line":19,"column":9},"end":{"line":19,"column":14}},"loc":{"start":{"line":22,"column":18},"end":{"line":29,"column":3}}},"2":{"name":"(anonymous_9)","decl":{"start":{"line":31,"column":9},"end":{"line":31,"column":14}},"loc":{"start":{"line":34,"column":18},"end":{"line":40,"column":3}}},"3":{"name":"(anonymous_11)","decl":{"start":{"line":42,"column":9},"end":{"line":42,"column":14}},"loc":{"start":{"line":45,"column":18},"end":{"line":60,"column":3}}},"4":{"name":"(anonymous_12)","decl":{"start":{"line":62,"column":9},"end":{"line":62,"column":14}},"loc":{"start":{"line":65,"column":18},"end":{"line":78,"column":3}}}},"branchMap":{"0":{"loc":{"start":{"line":48,"column":4},"end":{"line":57,"column":5}},"type":"if","locations":[{"start":{"line":48,"column":4},"end":{"line":57,"column":5}},{"start":{"line":48,"column":4},"end":{"line":57,"column":5}}]},"1":{"loc":{"start":{"line":68,"column":4},"end":{"line":77,"column":18}},"type":"if","locations":[{"start":{"line":68,"column":4},"end":{"line":77,"column":18}},{"start":{"line":68,"column":4},"end":{"line":77,"column":18}}]}},"s":{"0":1,"1":1,"2":1,"3":1,"4":1,"5":1,"6":1,"7":2,"8":2,"9":2,"10":2,"11":2,"12":2,"13":2,"14":2,"15":2,"16":0,"17":0,"18":0,"19":0,"20":0,"21":0,"22":0,"23":0,"24":0,"25":1},"f":{"0":1,"1":2,"2":2,"3":0,"4":0},"b":{"0":[0,0],"1":[0,0]}}
,"C:\\Users\\User\\Desktop\\Streakr\\server\\src\\Models\\User.ts": {"path":"C:\\Users\\User\\Desktop\\Streakr\\server\\src\\Models\\User.ts","statementMap":{"0":{"start":{"line":1,"column":0},"end":{"line":1,"column":36}},"1":{"start":{"line":3,"column":15},"end":{"line":3,"column":30}},"2":{"start":{"line":5,"column":19},"end":{"line":46,"column":5}},"3":{"start":{"line":47,"column":4},"end":{"line":47,"column":40}},"4":{"start":{"line":48,"column":4},"end":{"line":48,"column":38}},"5":{"start":{"line":51,"column":0},"end":{"line":51,"column":49}}},"fnMap":{},"branchMap":{},"s":{"0":2,"1":2,"2":2,"3":2,"4":2,"5":2},"f":{},"b":{}}
,"C:\\Users\\User\\Desktop\\Streakr\\server\\src\\Utils\\errorMessage.helper.ts": {"path":"C:\\Users\\User\\Desktop\\Streakr\\server\\src\\Utils\\errorMessage.helper.ts","statementMap":{"0":{"start":{"line":3,"column":8},"end":{"line":3,"column":60}},"1":{"start":{"line":1,"column":0},"end":{"line":5,"column":1}}},"fnMap":{"0":{"name":"(anonymous_0)","decl":{"start":{"line":2,"column":11},"end":{"line":2,"column":16}},"loc":{"start":{"line":2,"column":73},"end":{"line":4,"column":7}}}},"branchMap":{},"s":{"0":1,"1":2},"f":{"0":1},"b":{}}
,"C:\\Users\\User\\Desktop\\Streakr\\server\\src\\Utils\\passsord.helper.ts": {"path":"C:\\Users\\User\\Desktop\\Streakr\\server\\src\\Utils\\passsord.helper.ts","statementMap":{"0":{"start":{"line":1,"column":0},"end":{"line":1,"column":32}},"1":{"start":{"line":4,"column":13},"end":{"line":4,"column":29}},"2":{"start":{"line":10,"column":4},"end":{"line":10,"column":46}},"3":{"start":{"line":11,"column":4},"end":{"line":11,"column":52}},"4":{"start":{"line":12,"column":4},"end":{"line":12,"column":33}},"5":{"start":{"line":13,"column":4},"end":{"line":13,"column":10}},"6":{"start":{"line":20,"column":25},"end":{"line":20,"column":37}},"7":{"start":{"line":21,"column":29},"end":{"line":21,"column":44}},"8":{"start":{"line":22,"column":27},"end":{"line":27,"column":6}},"9":{"start":{"line":23,"column":6},"end":{"line":26,"column":9}},"10":{"start":{"line":24,"column":8},"end":{"line":24,"column":29}},"11":{"start":{"line":24,"column":17},"end":{"line":24,"column":29}},"12":{"start":{"line":25,"column":8},"end":{"line":25,"column":22}},"13":{"start":{"line":28,"column":4},"end":{"line":28,"column":51}},"14":{"start":{"line":29,"column":4},"end":{"line":29,"column":10}},"15":{"start":{"line":7,"column":0},"end":{"line":44,"column":1}}},"fnMap":{"0":{"name":"(anonymous_6)","decl":{"start":{"line":9,"column":9},"end":{"line":9,"column":14}},"loc":{"start":{"line":9,"column":91},"end":{"line":15,"column":3}}},"1":{"name":"(anonymous_7)","decl":{"start":{"line":17,"column":9},"end":{"line":17,"column":14}},"loc":{"start":{"line":18,"column":59},"end":{"line":30,"column":3}}},"2":{"name":"(anonymous_9)","decl":{"start":{"line":22,"column":45},"end":{"line":22,"column":46}},"loc":{"start":{"line":22,"column":65},"end":{"line":27,"column":5}}},"3":{"name":"(anonymous_10)","decl":{"start":{"line":23,"column":42},"end":{"line":23,"column":43}},"loc":{"start":{"line":23,"column":56},"end":{"line":26,"column":7}}}},"branchMap":{"0":{"loc":{"start":{"line":24,"column":8},"end":{"line":24,"column":29}},"type":"if","locations":[{"start":{"line":24,"column":8},"end":{"line":24,"column":29}},{"start":{"line":24,"column":8},"end":{"line":24,"column":29}}]}},"s":{"0":1,"1":1,"2":1,"3":1,"4":1,"5":1,"6":2,"7":2,"8":2,"9":2,"10":0,"11":0,"12":0,"13":0,"14":0,"15":1},"f":{"0":1,"1":2,"2":2,"3":0},"b":{"0":[0,0]}}
,"C:\\Users\\User\\Desktop\\Streakr\\server\\src\\Utils\\user.utils.ts": {"path":"C:\\Users\\User\\Desktop\\Streakr\\server\\src\\Utils\\user.utils.ts","statementMap":{"0":{"start":{"line":1,"column":0},"end":{"line":1,"column":40}},"1":{"start":{"line":6,"column":8},"end":{"line":6,"column":73}},"2":{"start":{"line":3,"column":0},"end":{"line":8,"column":1}}},"fnMap":{"0":{"name":"(anonymous_0)","decl":{"start":{"line":5,"column":11},"end":{"line":5,"column":16}},"loc":{"start":{"line":5,"column":95},"end":{"line":7,"column":7}}}},"branchMap":{},"s":{"0":1,"1":1,"2":1},"f":{"0":1},"b":{}}
,"C:\\Users\\User\\Desktop\\Streakr\\server\\src\\Validation\\user.validation.ts": {"path":"C:\\Users\\User\\Desktop\\Streakr\\server\\src\\Validation\\user.validation.ts","statementMap":{"0":{"start":{"line":1,"column":0},"end":{"line":1,"column":26}},"1":{"start":{"line":3,"column":17},"end":{"line":9,"column":1}},"2":{"start":{"line":11,"column":14},"end":{"line":16,"column":1}},"3":{"start":{"line":18,"column":23},"end":{"line":21,"column":1}},"4":{"start":{"line":23,"column":9},"end":{"line":23,"column":23}}},"fnMap":{},"branchMap":{},"s":{"0":1,"1":1,"2":1,"3":1,"4":1},"f":{},"b":{}}
}
