{"C:\\Users\\User\\Desktop\\Streakr\\server\\src\\Middleware\\user.validation.middleware.ts": {"path":"C:\\Users\\User\\Desktop\\Streakr\\server\\src\\Middleware\\user.validation.middleware.ts","statementMap":{"0":{"start":{"line":2,"column":0},"end":{"line":2,"column":74}},"1":{"start":{"line":3,"column":0},"end":{"line":3,"column":65}},"2":{"start":{"line":5,"column":17},"end":{"line":5,"column":24}},"3":{"start":{"line":6,"column":20},"end":{"line":6,"column":30}},"4":{"start":{"line":14,"column":4},"end":{"line":14,"column":79}},"5":{"start":{"line":15,"column":4},"end":{"line":15,"column":77}},"6":{"start":{"line":16,"column":4},"end":{"line":16,"column":11}},"7":{"start":{"line":24,"column":22},"end":{"line":24,"column":34}},"8":{"start":{"line":25,"column":35},"end":{"line":25,"column":50}},"9":{"start":{"line":26,"column":19},"end":{"line":26,"column":50}},"10":{"start":{"line":27,"column":4},"end":{"line":27,"column":41}},"11":{"start":{"line":28,"column":4},"end":{"line":28,"column":11}},"12":{"start":{"line":36,"column":25},"end":{"line":36,"column":37}},"13":{"start":{"line":37,"column":34},"end":{"line":37,"column":49}},"14":{"start":{"line":38,"column":4},"end":{"line":38,"column":71}},"15":{"start":{"line":39,"column":4},"end":{"line":39,"column":11}},"16":{"start":{"line":47,"column":42},"end":{"line":47,"column":57}},"17":{"start":{"line":48,"column":4},"end":{"line":57,"column":5}},"18":{"start":{"line":49,"column":6},"end":{"line":56,"column":11}},"19":{"start":{"line":58,"column":4},"end":{"line":58,"column":50}},"20":{"start":{"line":59,"column":4},"end":{"line":59,"column":11}},"21":{"start":{"line":67,"column":48},"end":{"line":67,"column":63}},"22":{"start":{"line":68,"column":4},"end":{"line":77,"column":18}},"23":{"start":{"line":69,"column":6},"end":{"line":76,"column":11}},"24":{"start":{"line":77,"column":11},"end":{"line":77,"column":18}},"25":{"start":{"line":8,"column":0},"end":{"line":79,"column":1}}},"fnMap":{"0":{"name":"(anonymous_6)","decl":{"start":{"line":9,"column":9},"end":{"line":9,"column":14}},"loc":{"start":{"line":12,"column":18},"end":{"line":17,"column":3}}},"1":{"name":"(anonymous_7)","decl":{"start":{"line":19,"column":9},"end":{"line":19,"column":14}},"loc":{"start":{"line":22,"column":18},"end":{"line":29,"column":3}}},"2":{"name":"(anonymous_9)","decl":{"start":{"line":31,"column":9},"end":{"line":31,"column":14}},"loc":{"start":{"line":34,"column":18},"end":{"line":40,"column":3}}},"3":{"name":"(anonymous_11)","decl":{"start":{"line":42,"column":9},"end":{"line":42,"column":14}},"loc":{"start":{"line":45,"column":18},"end":{"line":60,"column":3}}},"4":{"name":"(anonymous_12)","decl":{"start":{"line":62,"column":9},"end":{"line":62,"column":14}},"loc":{"start":{"line":65,"column":18},"end":{"line":78,"column":3}}}},"branchMap":{"0":{"loc":{"start":{"line":48,"column":4},"end":{"line":57,"column":5}},"type":"if","locations":[{"start":{"line":48,"column":4},"end":{"line":57,"column":5}},{"start":{"line":48,"column":4},"end":{"line":57,"column":5}}]},"1":{"loc":{"start":{"line":68,"column":4},"end":{"line":77,"column":18}},"type":"if","locations":[{"start":{"line":68,"column":4},"end":{"line":77,"column":18}},{"start":{"line":68,"column":4},"end":{"line":77,"column":18}}]}},"s":{"0":1,"1":1,"2":1,"3":1,"4":1,"5":1,"6":1,"7":2,"8":2,"9":2,"10":2,"11":2,"12":2,"13":2,"14":2,"15":2,"16":0,"17":0,"18":0,"19":0,"20":0,"21":0,"22":0,"23":0,"24":0,"25":1},"f":{"0":1,"1":2,"2":2,"3":0,"4":0},"b":{"0":[0,0],"1":[0,0]}}
,"C:\\Users\\User\\Desktop\\Streakr\\server\\src\\Utils\\passsord.helper.ts": {"path":"C:\\Users\\User\\Desktop\\Streakr\\server\\src\\Utils\\passsord.helper.ts","statementMap":{"0":{"start":{"line":1,"column":0},"end":{"line":1,"column":32}},"1":{"start":{"line":4,"column":13},"end":{"line":4,"column":29}},"2":{"start":{"line":10,"column":4},"end":{"line":10,"column":46}},"3":{"start":{"line":11,"column":4},"end":{"line":11,"column":52}},"4":{"start":{"line":12,"column":4},"end":{"line":12,"column":10}},"5":{"start":{"line":18,"column":25},"end":{"line":18,"column":37}},"6":{"start":{"line":19,"column":29},"end":{"line":19,"column":44}},"7":{"start":{"line":20,"column":27},"end":{"line":25,"column":6}},"8":{"start":{"line":21,"column":6},"end":{"line":24,"column":9}},"9":{"start":{"line":22,"column":8},"end":{"line":22,"column":29}},"10":{"start":{"line":22,"column":17},"end":{"line":22,"column":29}},"11":{"start":{"line":23,"column":8},"end":{"line":23,"column":22}},"12":{"start":{"line":26,"column":4},"end":{"line":26,"column":51}},"13":{"start":{"line":27,"column":4},"end":{"line":27,"column":10}},"14":{"start":{"line":7,"column":0},"end":{"line":42,"column":1}}},"fnMap":{"0":{"name":"(anonymous_6)","decl":{"start":{"line":9,"column":9},"end":{"line":9,"column":14}},"loc":{"start":{"line":9,"column":91},"end":{"line":13,"column":3}}},"1":{"name":"(anonymous_7)","decl":{"start":{"line":15,"column":9},"end":{"line":15,"column":14}},"loc":{"start":{"line":16,"column":59},"end":{"line":28,"column":3}}},"2":{"name":"(anonymous_9)","decl":{"start":{"line":20,"column":45},"end":{"line":20,"column":46}},"loc":{"start":{"line":20,"column":65},"end":{"line":25,"column":5}}},"3":{"name":"(anonymous_10)","decl":{"start":{"line":21,"column":42},"end":{"line":21,"column":43}},"loc":{"start":{"line":21,"column":56},"end":{"line":24,"column":7}}}},"branchMap":{"0":{"loc":{"start":{"line":22,"column":8},"end":{"line":22,"column":29}},"type":"if","locations":[{"start":{"line":22,"column":8},"end":{"line":22,"column":29}},{"start":{"line":22,"column":8},"end":{"line":22,"column":29}}]}},"s":{"0":1,"1":1,"2":1,"3":1,"4":1,"5":1,"6":1,"7":1,"8":1,"9":0,"10":0,"11":0,"12":0,"13":0,"14":1},"f":{"0":1,"1":1,"2":1,"3":0},"b":{"0":[0,0]}}
}
