TN:
SF:C:\Users\User\Desktop\Streakr\server\src\Middleware\user.validation.middleware.ts
FN:9,(anonymous_6)
FN:19,(anonymous_7)
FN:31,(anonymous_9)
FN:42,(anonymous_11)
FN:62,(anonymous_12)
FNF:5
FNH:3
FNDA:1,(anonymous_6)
FNDA:2,(anonymous_7)
FNDA:2,(anonymous_9)
FNDA:0,(anonymous_11)
FNDA:0,(anonymous_12)
DA:2,1
DA:3,1
DA:5,1
DA:6,1
DA:8,1
DA:14,1
DA:15,1
DA:16,1
DA:24,2
DA:25,2
DA:26,2
DA:27,2
DA:28,2
DA:36,2
DA:37,2
DA:38,2
DA:39,2
DA:47,0
DA:48,0
DA:49,0
DA:58,0
DA:59,0
DA:67,0
DA:68,0
DA:69,0
DA:77,0
LF:26
LH:17
BRDA:48,0,0,0
BRDA:48,0,1,0
BRDA:68,1,0,0
BRDA:68,1,1,0
BRF:4
BRH:0
end_of_record
TN:
SF:C:\Users\User\Desktop\Streakr\server\src\Utils\passsord.helper.ts
FN:9,(anonymous_6)
FN:15,(anonymous_7)
FN:20,(anonymous_9)
FN:21,(anonymous_10)
FNF:4
FNH:3
FNDA:1,(anonymous_6)
FNDA:1,(anonymous_7)
FNDA:1,(anonymous_9)
FNDA:0,(anonymous_10)
DA:1,1
DA:4,1
DA:7,1
DA:10,1
DA:11,1
DA:12,1
DA:18,1
DA:19,1
DA:20,1
DA:21,1
DA:22,0
DA:23,0
DA:26,0
DA:27,0
LF:14
LH:10
BRDA:22,0,0,0
BRDA:22,0,1,0
BRF:2
BRH:0
end_of_record
